<?xml version="1.0" encoding="UTF-8"?>
<TestRun id="98f82759-9ec8-4809-92bc-f9b10eb4b4d6" name="Andy@ANDREW-SNUPI 2014-07-14 11:30:23" runUser="ANDREW-SNUPI\Andy" xmlns="http://microsoft.com/schemas/VisualStudio/TeamTest/2010">
  <TestSettings name="Local" id="44b1e147-3379-4fed-b2d5-a247480be46e">
    <Description>These are default test settings for a local test run.</Description>
    <Execution>
      <TestTypeSpecific />
      <AgentRule name="Execution Agents">
      </AgentRule>
    </Execution>
    <Deployment runDeploymentRoot="Andy_ANDREW-SNUPI 2014-07-14 11_30_23" />
    <Properties />
  </TestSettings>
  <Times creation="2014-07-14T11:30:23.1879330-07:00" queuing="2014-07-14T11:30:23.3600586-07:00" start="2014-07-14T11:30:23.4060886-07:00" finish="2014-07-14T11:30:35.1655266-07:00" />
  <ResultSummary outcome="Completed">
    <Counters total="1" executed="1" passed="1" error="0" failed="0" timeout="0" aborted="0" inconclusive="0" passedButRunAborted="0" notRunnable="0" notExecuted="0" disconnected="0" warning="0" completed="0" inProgress="0" pending="0" />
  </ResultSummary>
  <TestDefinitions>
    <WebTest name="Tour" storage="c:\users\andy\documents\visual studio 2013\projects\wally\wally\outside\tour.webtest" id="7129c2bd-0195-4a85-8317-8220b1af24bb" persistedWebTest="77u/PD94bWwgdmVyc2lvbj0iMS4wIiBlbmNvZGluZz0iVVRGLTgiIHN0YW5kYWxvbmU9InllcyI/Pg0KPFdlYlRlc3QgTmFtZT0iVG91ciIgSWQ9IjcxMjljMmJkLTAxOTUtNGE4NS04MzE3LTgyMjBiMWFmMjRiYiIgT3duZXI9IiIgUHJpb3JpdHk9IjIxNDc0ODM2NDciIEVuYWJsZWQ9IlRydWUiIENzc1Byb2plY3RTdHJ1Y3R1cmU9IiIgQ3NzSXRlcmF0aW9uPSIiIFRpbWVvdXQ9IjAiIFdvcmtJdGVtSWRzPSIiIHhtbG5zPSJodHRwOi8vbWljcm9zb2Z0LmNvbS9zY2hlbWFzL1Zpc3VhbFN0dWRpby9UZWFtVGVzdC8yMDEwIiBEZXNjcmlwdGlvbj0iIiBDcmVkZW50aWFsVXNlck5hbWU9IiIgQ3JlZGVudGlhbFBhc3N3b3JkPSIiIFByZUF1dGhlbnRpY2F0ZT0iVHJ1ZSIgUHJveHk9ImRlZmF1bHQiIFN0b3BPbkVycm9yPSJGYWxzZSIgUmVjb3JkZWRSZXN1bHRGaWxlPSJXZWJUZXN0MS4yMmE4YTFlMi1jZmYxLTQ2YmEtYjJjOC01MjUwZGQxMTNmNGIucmVjLndlYnRlc3RyZXN1bHQiIFJlc3VsdHNMb2NhbGU9IiI+DQogIDxJdGVtcz4NCiAgICA8UmVxdWVzdCBNZXRob2Q9IkdFVCIgR3VpZD0iODJiNGU3ZTktY2ZmYy00OWZmLWI1NzQtZjg2MzkzYTg2YTk2IiBWZXJzaW9uPSIxLjEiIFVybD0iaHR0cDovL3Rlc3Rpbmcud2FsbHlob21lLmNvbS90b3VyLyIgVGhpbmtUaW1lPSIwIiBUaW1lb3V0PSIzMDAiIFBhcnNlRGVwZW5kZW50UmVxdWVzdHM9IlRydWUiIEZvbGxvd1JlZGlyZWN0cz0iVHJ1ZSIgUmVjb3JkUmVzdWx0PSJUcnVlIiBDYWNoZT0iRmFsc2UiIFJlc3BvbnNlVGltZUdvYWw9IjAiIEVuY29kaW5nPSJ1dGYtOCIgRXhwZWN0ZWRIdHRwU3RhdHVzQ29kZT0iMCIgRXhwZWN0ZWRSZXNwb25zZVVybD0iIiBSZXBvcnRpbmdOYW1lPSIiIElnbm9yZUh0dHBTdGF0dXNDb2RlPSJGYWxzZSI+DQogICAgICA8RGVwZW5kZW50UmVxdWVzdHM+DQogICAgICAgIDxSZXF1ZXN0IE1ldGhvZD0iR0VUIiBHdWlkPSJlMmNlYTAxZC1kOWUyLTRiMTYtOTczMC1kMmZlNzM4MjUwMDIiIFZlcnNpb249IjEuMSIgVXJsPSJodHRwOi8vdGVzdGluZy53YWxseWhvbWUuY29tL3NoYXJlZC9mb250cy9uZXhhLzI4ODkyNF9GXzAuZW90IiBUaGlua1RpbWU9IjAiIFRpbWVvdXQ9IjMwMCIgUGFyc2VEZXBlbmRlbnRSZXF1ZXN0cz0iVHJ1ZSIgRm9sbG93UmVkaXJlY3RzPSJUcnVlIiBSZWNvcmRSZXN1bHQ9IlRydWUiIENhY2hlPSJGYWxzZSIgUmVzcG9uc2VUaW1lR29hbD0iMCIgRW5jb2Rpbmc9InV0Zi04IiBFeHBlY3RlZEh0dHBTdGF0dXNDb2RlPSIwIiBFeHBlY3RlZFJlc3BvbnNlVXJsPSIiIFJlcG9ydGluZ05hbWU9IiIgSWdub3JlSHR0cFN0YXR1c0NvZGU9IkZhbHNlIj4NCiAgICAgICAgICA8SGVhZGVycz4NCiAgICAgICAgICAgIDxIZWFkZXIgTmFtZT0iUmVmZXJlciIgVmFsdWU9Imh0dHA6Ly90ZXN0aW5nLndhbGx5aG9tZS5jb20vdG91ci8iIC8+DQogICAgICAgICAgPC9IZWFkZXJzPg0KICAgICAgICAgIDxRdWVyeVN0cmluZ1BhcmFtZXRlcnM+DQogICAgICAgICAgICA8UXVlcnlTdHJpbmdQYXJhbWV0ZXIgTmFtZT0iIiBWYWx1ZT0iIiBSZWNvcmRlZFZhbHVlPSIiIENvcnJlbGF0aW9uQmluZGluZz0iIiBVcmxFbmNvZGU9IkZhbHNlIiBVc2VUb0dyb3VwUmVzdWx0cz0iRmFsc2UiIC8+DQogICAgICAgICAgPC9RdWVyeVN0cmluZ1BhcmFtZXRlcnM+DQogICAgICAgIDwvUmVxdWVzdD4NCiAgICAgICAgPFJlcXVlc3QgTWV0aG9kPSJHRVQiIEd1aWQ9IjM3Y2IwYWUwLTM4MTAtNGFlNC04NjNjLWY1ODMzZWU3YTIxYSIgVmVyc2lvbj0iMS4xIiBVcmw9Imh0dHA6Ly90ZXN0aW5nLndhbGx5aG9tZS5jb20vc2hhcmVkL2ZvbnRzL25leGEvMjg4OTI0X0NfMC5lb3QiIFRoaW5rVGltZT0iMCIgVGltZW91dD0iMzAwIiBQYXJzZURlcGVuZGVudFJlcXVlc3RzPSJUcnVlIiBGb2xsb3dSZWRpcmVjdHM9IlRydWUiIFJlY29yZFJlc3VsdD0iVHJ1ZSIgQ2FjaGU9IkZhbHNlIiBSZXNwb25zZVRpbWVHb2FsPSIwIiBFbmNvZGluZz0idXRmLTgiIEV4cGVjdGVkSHR0cFN0YXR1c0NvZGU9IjAiIEV4cGVjdGVkUmVzcG9uc2VVcmw9IiIgUmVwb3J0aW5nTmFtZT0iIiBJZ25vcmVIdHRwU3RhdHVzQ29kZT0iRmFsc2UiPg0KICAgICAgICAgIDxIZWFkZXJzPg0KICAgICAgICAgICAgPEhlYWRlciBOYW1lPSJSZWZlcmVyIiBWYWx1ZT0iaHR0cDovL3Rlc3Rpbmcud2FsbHlob21lLmNvbS90b3VyLyIgLz4NCiAgICAgICAgICA8L0hlYWRlcnM+DQogICAgICAgICAgPFF1ZXJ5U3RyaW5nUGFyYW1ldGVycz4NCiAgICAgICAgICAgIDxRdWVyeVN0cmluZ1BhcmFtZXRlciBOYW1lPSIiIFZhbHVlPSIiIFJlY29yZGVkVmFsdWU9IiIgQ29ycmVsYXRpb25CaW5kaW5nPSIiIFVybEVuY29kZT0iRmFsc2UiIFVzZVRvR3JvdXBSZXN1bHRzPSJGYWxzZSIgLz4NCiAgICAgICAgICA8L1F1ZXJ5U3RyaW5nUGFyYW1ldGVycz4NCiAgICAgICAgPC9SZXF1ZXN0Pg0KICAgICAgICA8UmVxdWVzdCBNZXRob2Q9IkdFVCIgR3VpZD0iYzJjNjk3NDUtMjM0NS00Njg5LWE3NTktYjE1NWRhMDRkNDAyIiBWZXJzaW9uPSIxLjEiIFVybD0iaHR0cDovL3Rlc3Rpbmcud2FsbHlob21lLmNvbS9zaGFyZWQvZm9udHMvbmV4YS8yODg5MjRfOF8wLmVvdCIgVGhpbmtUaW1lPSIwIiBUaW1lb3V0PSIzMDAiIFBhcnNlRGVwZW5kZW50UmVxdWVzdHM9IlRydWUiIEZvbGxvd1JlZGlyZWN0cz0iVHJ1ZSIgUmVjb3JkUmVzdWx0PSJUcnVlIiBDYWNoZT0iRmFsc2UiIFJlc3BvbnNlVGltZUdvYWw9IjAiIEVuY29kaW5nPSJ1dGYtOCIgRXhwZWN0ZWRIdHRwU3RhdHVzQ29kZT0iMCIgRXhwZWN0ZWRSZXNwb25zZVVybD0iIiBSZXBvcnRpbmdOYW1lPSIiIElnbm9yZUh0dHBTdGF0dXNDb2RlPSJGYWxzZSI+DQogICAgICAgICAgPEhlYWRlcnM+DQogICAgICAgICAgICA8SGVhZGVyIE5hbWU9IlJlZmVyZXIiIFZhbHVlPSJodHRwOi8vdGVzdGluZy53YWxseWhvbWUuY29tL3RvdXIvIiAvPg0KICAgICAgICAgIDwvSGVhZGVycz4NCiAgICAgICAgICA8UXVlcnlTdHJpbmdQYXJhbWV0ZXJzPg0KICAgICAgICAgICAgPFF1ZXJ5U3RyaW5nUGFyYW1ldGVyIE5hbWU9IiIgVmFsdWU9IiIgUmVjb3JkZWRWYWx1ZT0iIiBDb3JyZWxhdGlvbkJpbmRpbmc9IiIgVXJsRW5jb2RlPSJGYWxzZSIgVXNlVG9Hcm91cFJlc3VsdHM9IkZhbHNlIiAvPg0KICAgICAgICAgIDwvUXVlcnlTdHJpbmdQYXJhbWV0ZXJzPg0KICAgICAgICA8L1JlcXVlc3Q+DQogICAgICAgIDxSZXF1ZXN0IE1ldGhvZD0iR0VUIiBHdWlkPSIyODFhZmViZC0xNGNiLTRjMmQtYjI3NS0zN2Y3Y2Q5NmRkZjAiIFZlcnNpb249IjEuMSIgVXJsPSJodHRwOi8vdGVzdGluZy53YWxseWhvbWUuY29tL3NoYXJlZC9mb250cy9uZXhhLzI4ODkyNF82XzAuZW90IiBUaGlua1RpbWU9IjAiIFRpbWVvdXQ9IjMwMCIgUGFyc2VEZXBlbmRlbnRSZXF1ZXN0cz0iVHJ1ZSIgRm9sbG93UmVkaXJlY3RzPSJUcnVlIiBSZWNvcmRSZXN1bHQ9IlRydWUiIENhY2hlPSJGYWxzZSIgUmVzcG9uc2VUaW1lR29hbD0iMCIgRW5jb2Rpbmc9InV0Zi04IiBFeHBlY3RlZEh0dHBTdGF0dXNDb2RlPSIwIiBFeHBlY3RlZFJlc3BvbnNlVXJsPSIiIFJlcG9ydGluZ05hbWU9IiIgSWdub3JlSHR0cFN0YXR1c0NvZGU9IkZhbHNlIj4NCiAgICAgICAgICA8SGVhZGVycz4NCiAgICAgICAgICAgIDxIZWFkZXIgTmFtZT0iUmVmZXJlciIgVmFsdWU9Imh0dHA6Ly90ZXN0aW5nLndhbGx5aG9tZS5jb20vdG91ci8iIC8+DQogICAgICAgICAgPC9IZWFkZXJzPg0KICAgICAgICAgIDxRdWVyeVN0cmluZ1BhcmFtZXRlcnM+DQogICAgICAgICAgICA8UXVlcnlTdHJpbmdQYXJhbWV0ZXIgTmFtZT0iIiBWYWx1ZT0iIiBSZWNvcmRlZFZhbHVlPSIiIENvcnJlbGF0aW9uQmluZGluZz0iIiBVcmxFbmNvZGU9IkZhbHNlIiBVc2VUb0dyb3VwUmVzdWx0cz0iRmFsc2UiIC8+DQogICAgICAgICAgPC9RdWVyeVN0cmluZ1BhcmFtZXRlcnM+DQogICAgICAgIDwvUmVxdWVzdD4NCiAgICAgICAgPFJlcXVlc3QgTWV0aG9kPSJHRVQiIEd1aWQ9ImQ0NjgyM2ExLTY3NzUtNDQ3Zi04MzAzLTNlMTExNGVkYWUwMiIgVmVyc2lvbj0iMS4xIiBVcmw9Imh0dHA6Ly90ZXN0aW5nLndhbGx5aG9tZS5jb20vc2hhcmVkL2ZvbnRzL25leGEvMjg4OTI0XzRfMC5lb3QiIFRoaW5rVGltZT0iMCIgVGltZW91dD0iMzAwIiBQYXJzZURlcGVuZGVudFJlcXVlc3RzPSJUcnVlIiBGb2xsb3dSZWRpcmVjdHM9IlRydWUiIFJlY29yZFJlc3VsdD0iVHJ1ZSIgQ2FjaGU9IkZhbHNlIiBSZXNwb25zZVRpbWVHb2FsPSIwIiBFbmNvZGluZz0idXRmLTgiIEV4cGVjdGVkSHR0cFN0YXR1c0NvZGU9IjAiIEV4cGVjdGVkUmVzcG9uc2VVcmw9IiIgUmVwb3J0aW5nTmFtZT0iIiBJZ25vcmVIdHRwU3RhdHVzQ29kZT0iRmFsc2UiPg0KICAgICAgICAgIDxIZWFkZXJzPg0KICAgICAgICAgICAgPEhlYWRlciBOYW1lPSJSZWZlcmVyIiBWYWx1ZT0iaHR0cDovL3Rlc3Rpbmcud2FsbHlob21lLmNvbS90b3VyLyIgLz4NCiAgICAgICAgICA8L0hlYWRlcnM+DQogICAgICAgICAgPFF1ZXJ5U3RyaW5nUGFyYW1ldGVycz4NCiAgICAgICAgICAgIDxRdWVyeVN0cmluZ1BhcmFtZXRlciBOYW1lPSIiIFZhbHVlPSIiIFJlY29yZGVkVmFsdWU9IiIgQ29ycmVsYXRpb25CaW5kaW5nPSIiIFVybEVuY29kZT0iRmFsc2UiIFVzZVRvR3JvdXBSZXN1bHRzPSJGYWxzZSIgLz4NCiAgICAgICAgICA8L1F1ZXJ5U3RyaW5nUGFyYW1ldGVycz4NCiAgICAgICAgPC9SZXF1ZXN0Pg0KICAgICAgICA8UmVxdWVzdCBNZXRob2Q9IkdFVCIgR3VpZD0iMzE5NDU0NWYtNjdhOS00MmIyLWIzNWEtNjA4MjhhNWMwMGRhIiBWZXJzaW9uPSIxLjEiIFVybD0iaHR0cDovL3Rlc3Rpbmcud2FsbHlob21lLmNvbS9zaGFyZWQvZm9udHMvbmV4YS8yODg5MjRfM18wLmVvdCIgVGhpbmtUaW1lPSIwIiBUaW1lb3V0PSIzMDAiIFBhcnNlRGVwZW5kZW50UmVxdWVzdHM9IlRydWUiIEZvbGxvd1JlZGlyZWN0cz0iVHJ1ZSIgUmVjb3JkUmVzdWx0PSJUcnVlIiBDYWNoZT0iRmFsc2UiIFJlc3BvbnNlVGltZUdvYWw9IjAiIEVuY29kaW5nPSJ1dGYtOCIgRXhwZWN0ZWRIdHRwU3RhdHVzQ29kZT0iMCIgRXhwZWN0ZWRSZXNwb25zZVVybD0iIiBSZXBvcnRpbmdOYW1lPSIiIElnbm9yZUh0dHBTdGF0dXNDb2RlPSJGYWxzZSI+DQogICAgICAgICAgPEhlYWRlcnM+DQogICAgICAgICAgICA8SGVhZGVyIE5hbWU9IlJlZmVyZXIiIFZhbHVlPSJodHRwOi8vdGVzdGluZy53YWxseWhvbWUuY29tL3RvdXIvIiAvPg0KICAgICAgICAgIDwvSGVhZGVycz4NCiAgICAgICAgICA8UXVlcnlTdHJpbmdQYXJhbWV0ZXJzPg0KICAgICAgICAgICAgPFF1ZXJ5U3RyaW5nUGFyYW1ldGVyIE5hbWU9IiIgVmFsdWU9IiIgUmVjb3JkZWRWYWx1ZT0iIiBDb3JyZWxhdGlvbkJpbmRpbmc9IiIgVXJsRW5jb2RlPSJGYWxzZSIgVXNlVG9Hcm91cFJlc3VsdHM9IkZhbHNlIiAvPg0KICAgICAgICAgIDwvUXVlcnlTdHJpbmdQYXJhbWV0ZXJzPg0KICAgICAgICA8L1JlcXVlc3Q+DQogICAgICAgIDxSZXF1ZXN0IE1ldGhvZD0iR0VUIiBHdWlkPSI0YTY1Yzc2NC0wNmU3LTRjZWItYWIwOS0zOTk0ZTFkZjE1ZTgiIFZlcnNpb249IjEuMSIgVXJsPSJodHRwOi8vdGVzdGluZy53YWxseWhvbWUuY29tL3NoYXJlZC9mb250cy9uZXhhLzI4ODkyNF9EXzAuZW90IiBUaGlua1RpbWU9IjAiIFRpbWVvdXQ9IjMwMCIgUGFyc2VEZXBlbmRlbnRSZXF1ZXN0cz0iVHJ1ZSIgRm9sbG93UmVkaXJlY3RzPSJUcnVlIiBSZWNvcmRSZXN1bHQ9IlRydWUiIENhY2hlPSJGYWxzZSIgUmVzcG9uc2VUaW1lR29hbD0iMCIgRW5jb2Rpbmc9InV0Zi04IiBFeHBlY3RlZEh0dHBTdGF0dXNDb2RlPSIwIiBFeHBlY3RlZFJlc3BvbnNlVXJsPSIiIFJlcG9ydGluZ05hbWU9IiIgSWdub3JlSHR0cFN0YXR1c0NvZGU9IkZhbHNlIj4NCiAgICAgICAgICA8SGVhZGVycz4NCiAgICAgICAgICAgIDxIZWFkZXIgTmFtZT0iUmVmZXJlciIgVmFsdWU9Imh0dHA6Ly90ZXN0aW5nLndhbGx5aG9tZS5jb20vdG91ci8iIC8+DQogICAgICAgICAgPC9IZWFkZXJzPg0KICAgICAgICAgIDxRdWVyeVN0cmluZ1BhcmFtZXRlcnM+DQogICAgICAgICAgICA8UXVlcnlTdHJpbmdQYXJhbWV0ZXIgTmFtZT0iIiBWYWx1ZT0iIiBSZWNvcmRlZFZhbHVlPSIiIENvcnJlbGF0aW9uQmluZGluZz0iIiBVcmxFbmNvZGU9IkZhbHNlIiBVc2VUb0dyb3VwUmVzdWx0cz0iRmFsc2UiIC8+DQogICAgICAgICAgPC9RdWVyeVN0cmluZ1BhcmFtZXRlcnM+DQogICAgICAgIDwvUmVxdWVzdD4NCiAgICAgICAgPFJlcXVlc3QgTWV0aG9kPSJHRVQiIEd1aWQ9IjVkNWNkOWJhLTM5MDQtNDkwMS1iMWY1LTMwMDVmM2UzNjNjYSIgVmVyc2lvbj0iMS4xIiBVcmw9Imh0dHA6Ly90ZXN0aW5nLndhbGx5aG9tZS5jb20vc2hhcmVkL2ZvbnRzL25leGEvMjg4OTI0XzdfMC5lb3QiIFRoaW5rVGltZT0iMCIgVGltZW91dD0iMzAwIiBQYXJzZURlcGVuZGVudFJlcXVlc3RzPSJUcnVlIiBGb2xsb3dSZWRpcmVjdHM9IlRydWUiIFJlY29yZFJlc3VsdD0iVHJ1ZSIgQ2FjaGU9IkZhbHNlIiBSZXNwb25zZVRpbWVHb2FsPSIwIiBFbmNvZGluZz0idXRmLTgiIEV4cGVjdGVkSHR0cFN0YXR1c0NvZGU9IjAiIEV4cGVjdGVkUmVzcG9uc2VVcmw9IiIgUmVwb3J0aW5nTmFtZT0iIiBJZ25vcmVIdHRwU3RhdHVzQ29kZT0iRmFsc2UiPg0KICAgICAgICAgIDxIZWFkZXJzPg0KICAgICAgICAgICAgPEhlYWRlciBOYW1lPSJSZWZlcmVyIiBWYWx1ZT0iaHR0cDovL3Rlc3Rpbmcud2FsbHlob21lLmNvbS90b3VyLyIgLz4NCiAgICAgICAgICA8L0hlYWRlcnM+DQogICAgICAgICAgPFF1ZXJ5U3RyaW5nUGFyYW1ldGVycz4NCiAgICAgICAgICAgIDxRdWVyeVN0cmluZ1BhcmFtZXRlciBOYW1lPSIiIFZhbHVlPSIiIFJlY29yZGVkVmFsdWU9IiIgQ29ycmVsYXRpb25CaW5kaW5nPSIiIFVybEVuY29kZT0iRmFsc2UiIFVzZVRvR3JvdXBSZXN1bHRzPSJGYWxzZSIgLz4NCiAgICAgICAgICA8L1F1ZXJ5U3RyaW5nUGFyYW1ldGVycz4NCiAgICAgICAgPC9SZXF1ZXN0Pg0KICAgICAgICA8UmVxdWVzdCBNZXRob2Q9IkdFVCIgR3VpZD0iMjRiM2Y1MzgtZTY5Yy00YWNiLTkxMDMtMTQ4MjA0ZmQ4MzcxIiBWZXJzaW9uPSIxLjEiIFVybD0iaHR0cDovL3Rlc3Rpbmcud2FsbHlob21lLmNvbS9zaGFyZWQvZm9udHMvbmV4YS8yODg5MjRfMl8wLmVvdCIgVGhpbmtUaW1lPSIwIiBUaW1lb3V0PSIzMDAiIFBhcnNlRGVwZW5kZW50UmVxdWVzdHM9IlRydWUiIEZvbGxvd1JlZGlyZWN0cz0iVHJ1ZSIgUmVjb3JkUmVzdWx0PSJUcnVlIiBDYWNoZT0iRmFsc2UiIFJlc3BvbnNlVGltZUdvYWw9IjAiIEVuY29kaW5nPSJ1dGYtOCIgRXhwZWN0ZWRIdHRwU3RhdHVzQ29kZT0iMCIgRXhwZWN0ZWRSZXNwb25zZVVybD0iIiBSZXBvcnRpbmdOYW1lPSIiIElnbm9yZUh0dHBTdGF0dXNDb2RlPSJGYWxzZSI+DQogICAgICAgICAgPEhlYWRlcnM+DQogICAgICAgICAgICA8SGVhZGVyIE5hbWU9IlJlZmVyZXIiIFZhbHVlPSJodHRwOi8vdGVzdGluZy53YWxseWhvbWUuY29tL3RvdXIvIiAvPg0KICAgICAgICAgIDwvSGVhZGVycz4NCiAgICAgICAgICA8UXVlcnlTdHJpbmdQYXJhbWV0ZXJzPg0KICAgICAgICAgICAgPFF1ZXJ5U3RyaW5nUGFyYW1ldGVyIE5hbWU9IiIgVmFsdWU9IiIgUmVjb3JkZWRWYWx1ZT0iIiBDb3JyZWxhdGlvbkJpbmRpbmc9IiIgVXJsRW5jb2RlPSJGYWxzZSIgVXNlVG9Hcm91cFJlc3VsdHM9IkZhbHNlIiAvPg0KICAgICAgICAgIDwvUXVlcnlTdHJpbmdQYXJhbWV0ZXJzPg0KICAgICAgICA8L1JlcXVlc3Q+DQogICAgICAgIDxSZXF1ZXN0IE1ldGhvZD0iR0VUIiBHdWlkPSIyYmU5NzQ4My1kZGFlLTQyYjAtYWQyNy01OWU3ODA3NTZmNTEiIFZlcnNpb249IjEuMSIgVXJsPSJodHRwOi8vdGVzdGluZy53YWxseWhvbWUuY29tL3NoYXJlZC9mb250cy9uZXhhLzI4ODkyNF8xXzAuZW90IiBUaGlua1RpbWU9IjAiIFRpbWVvdXQ9IjMwMCIgUGFyc2VEZXBlbmRlbnRSZXF1ZXN0cz0iVHJ1ZSIgRm9sbG93UmVkaXJlY3RzPSJUcnVlIiBSZWNvcmRSZXN1bHQ9IlRydWUiIENhY2hlPSJGYWxzZSIgUmVzcG9uc2VUaW1lR29hbD0iMCIgRW5jb2Rpbmc9InV0Zi04IiBFeHBlY3RlZEh0dHBTdGF0dXNDb2RlPSIwIiBFeHBlY3RlZFJlc3BvbnNlVXJsPSIiIFJlcG9ydGluZ05hbWU9IiIgSWdub3JlSHR0cFN0YXR1c0NvZGU9IkZhbHNlIj4NCiAgICAgICAgICA8SGVhZGVycz4NCiAgICAgICAgICAgIDxIZWFkZXIgTmFtZT0iUmVmZXJlciIgVmFsdWU9Imh0dHA6Ly90ZXN0aW5nLndhbGx5aG9tZS5jb20vdG91ci8iIC8+DQogICAgICAgICAgPC9IZWFkZXJzPg0KICAgICAgICAgIDxRdWVyeVN0cmluZ1BhcmFtZXRlcnM+DQogICAgICAgICAgICA8UXVlcnlTdHJpbmdQYXJhbWV0ZXIgTmFtZT0iIiBWYWx1ZT0iIiBSZWNvcmRlZFZhbHVlPSIiIENvcnJlbGF0aW9uQmluZGluZz0iIiBVcmxFbmNvZGU9IkZhbHNlIiBVc2VUb0dyb3VwUmVzdWx0cz0iRmFsc2UiIC8+DQogICAgICAgICAgPC9RdWVyeVN0cmluZ1BhcmFtZXRlcnM+DQogICAgICAgIDwvUmVxdWVzdD4NCiAgICAgICAgPFJlcXVlc3QgTWV0aG9kPSJHRVQiIEd1aWQ9ImZlYWRjNjIxLWY5MWUtNGVhZC05MDQyLTA4ODkyYTE0ZjQyZCIgVmVyc2lvbj0iMS4xIiBVcmw9Imh0dHA6Ly90ZXN0aW5nLndhbGx5aG9tZS5jb20vc2hhcmVkL2ZvbnRzL25leGEvMjg4OTI0X0VfMC5lb3QiIFRoaW5rVGltZT0iMCIgVGltZW91dD0iMzAwIiBQYXJzZURlcGVuZGVudFJlcXVlc3RzPSJUcnVlIiBGb2xsb3dSZWRpcmVjdHM9IlRydWUiIFJlY29yZFJlc3VsdD0iVHJ1ZSIgQ2FjaGU9IkZhbHNlIiBSZXNwb25zZVRpbWVHb2FsPSIwIiBFbmNvZGluZz0idXRmLTgiIEV4cGVjdGVkSHR0cFN0YXR1c0NvZGU9IjAiIEV4cGVjdGVkUmVzcG9uc2VVcmw9IiIgUmVwb3J0aW5nTmFtZT0iIiBJZ25vcmVIdHRwU3RhdHVzQ29kZT0iRmFsc2UiPg0KICAgICAgICAgIDxIZWFkZXJzPg0KICAgICAgICAgICAgPEhlYWRlciBOYW1lPSJSZWZlcmVyIiBWYWx1ZT0iaHR0cDovL3Rlc3Rpbmcud2FsbHlob21lLmNvbS90b3VyLyIgLz4NCiAgICAgICAgICA8L0hlYWRlcnM+DQogICAgICAgICAgPFF1ZXJ5U3RyaW5nUGFyYW1ldGVycz4NCiAgICAgICAgICAgIDxRdWVyeVN0cmluZ1BhcmFtZXRlciBOYW1lPSIiIFZhbHVlPSIiIFJlY29yZGVkVmFsdWU9IiIgQ29ycmVsYXRpb25CaW5kaW5nPSIiIFVybEVuY29kZT0iRmFsc2UiIFVzZVRvR3JvdXBSZXN1bHRzPSJGYWxzZSIgLz4NCiAgICAgICAgICA8L1F1ZXJ5U3RyaW5nUGFyYW1ldGVycz4NCiAgICAgICAgPC9SZXF1ZXN0Pg0KICAgICAgICA8UmVxdWVzdCBNZXRob2Q9IkdFVCIgR3VpZD0iNDEwZWMwMzMtMDkxMC00YTliLTg4ZDAtN2FkNjE2NDczNGE2IiBWZXJzaW9uPSIxLjEiIFVybD0iaHR0cDovL3Rlc3Rpbmcud2FsbHlob21lLmNvbS9zaGFyZWQvZm9udHMvbmV4YS8yODg5MjRfOV8wLmVvdCIgVGhpbmtUaW1lPSIwIiBUaW1lb3V0PSIzMDAiIFBhcnNlRGVwZW5kZW50UmVxdWVzdHM9IlRydWUiIEZvbGxvd1JlZGlyZWN0cz0iVHJ1ZSIgUmVjb3JkUmVzdWx0PSJUcnVlIiBDYWNoZT0iRmFsc2UiIFJlc3BvbnNlVGltZUdvYWw9IjAiIEVuY29kaW5nPSJ1dGYtOCIgRXhwZWN0ZWRIdHRwU3RhdHVzQ29kZT0iMCIgRXhwZWN0ZWRSZXNwb25zZVVybD0iIiBSZXBvcnRpbmdOYW1lPSIiIElnbm9yZUh0dHBTdGF0dXNDb2RlPSJGYWxzZSI+DQogICAgICAgICAgPEhlYWRlcnM+DQogICAgICAgICAgICA8SGVhZGVyIE5hbWU9IlJlZmVyZXIiIFZhbHVlPSJodHRwOi8vdGVzdGluZy53YWxseWhvbWUuY29tL3RvdXIvIiAvPg0KICAgICAgICAgIDwvSGVhZGVycz4NCiAgICAgICAgICA8UXVlcnlTdHJpbmdQYXJhbWV0ZXJzPg0KICAgICAgICAgICAgPFF1ZXJ5U3RyaW5nUGFyYW1ldGVyIE5hbWU9IiIgVmFsdWU9IiIgUmVjb3JkZWRWYWx1ZT0iIiBDb3JyZWxhdGlvbkJpbmRpbmc9IiIgVXJsRW5jb2RlPSJGYWxzZSIgVXNlVG9Hcm91cFJlc3VsdHM9IkZhbHNlIiAvPg0KICAgICAgICAgIDwvUXVlcnlTdHJpbmdQYXJhbWV0ZXJzPg0KICAgICAgICA8L1JlcXVlc3Q+DQogICAgICAgIDxSZXF1ZXN0IE1ldGhvZD0iR0VUIiBHdWlkPSIyZTViNDU3Yy0xNjI5LTRkYzMtYWIxMy02ZjQ0MmZiNmU3YTkiIFZlcnNpb249IjEuMSIgVXJsPSJodHRwOi8vdGVzdGluZy53YWxseWhvbWUuY29tL3NoYXJlZC9mb250cy9uZXhhLzI4ODkyNF9CXzAuZW90IiBUaGlua1RpbWU9IjAiIFRpbWVvdXQ9IjMwMCIgUGFyc2VEZXBlbmRlbnRSZXF1ZXN0cz0iVHJ1ZSIgRm9sbG93UmVkaXJlY3RzPSJUcnVlIiBSZWNvcmRSZXN1bHQ9IlRydWUiIENhY2hlPSJGYWxzZSIgUmVzcG9uc2VUaW1lR29hbD0iMCIgRW5jb2Rpbmc9InV0Zi04IiBFeHBlY3RlZEh0dHBTdGF0dXNDb2RlPSIwIiBFeHBlY3RlZFJlc3BvbnNlVXJsPSIiIFJlcG9ydGluZ05hbWU9IiIgSWdub3JlSHR0cFN0YXR1c0NvZGU9IkZhbHNlIj4NCiAgICAgICAgICA8SGVhZGVycz4NCiAgICAgICAgICAgIDxIZWFkZXIgTmFtZT0iUmVmZXJlciIgVmFsdWU9Imh0dHA6Ly90ZXN0aW5nLndhbGx5aG9tZS5jb20vdG91ci8iIC8+DQogICAgICAgICAgPC9IZWFkZXJzPg0KICAgICAgICAgIDxRdWVyeVN0cmluZ1BhcmFtZXRlcnM+DQogICAgICAgICAgICA8UXVlcnlTdHJpbmdQYXJhbWV0ZXIgTmFtZT0iIiBWYWx1ZT0iIiBSZWNvcmRlZFZhbHVlPSIiIENvcnJlbGF0aW9uQmluZGluZz0iIiBVcmxFbmNvZGU9IkZhbHNlIiBVc2VUb0dyb3VwUmVzdWx0cz0iRmFsc2UiIC8+DQogICAgICAgICAgPC9RdWVyeVN0cmluZ1BhcmFtZXRlcnM+DQogICAgICAgIDwvUmVxdWVzdD4NCiAgICAgICAgPFJlcXVlc3QgTWV0aG9kPSJHRVQiIEd1aWQ9ImRlMDFmZjM2LWY5N2EtNGM5ZC05M2FkLTUyMzEzMThiMTRmYSIgVmVyc2lvbj0iMS4xIiBVcmw9Imh0dHA6Ly90ZXN0aW5nLndhbGx5aG9tZS5jb20vc2hhcmVkL2ZvbnRzL25leGEvMjg4OTI0XzVfMC5lb3QiIFRoaW5rVGltZT0iMCIgVGltZW91dD0iMzAwIiBQYXJzZURlcGVuZGVudFJlcXVlc3RzPSJUcnVlIiBGb2xsb3dSZWRpcmVjdHM9IlRydWUiIFJlY29yZFJlc3VsdD0iVHJ1ZSIgQ2FjaGU9IkZhbHNlIiBSZXNwb25zZVRpbWVHb2FsPSIwIiBFbmNvZGluZz0idXRmLTgiIEV4cGVjdGVkSHR0cFN0YXR1c0NvZGU9IjAiIEV4cGVjdGVkUmVzcG9uc2VVcmw9IiIgUmVwb3J0aW5nTmFtZT0iIiBJZ25vcmVIdHRwU3RhdHVzQ29kZT0iRmFsc2UiPg0KICAgICAgICAgIDxIZWFkZXJzPg0KICAgICAgICAgICAgPEhlYWRlciBOYW1lPSJSZWZlcmVyIiBWYWx1ZT0iaHR0cDovL3Rlc3Rpbmcud2FsbHlob21lLmNvbS90b3VyLyIgLz4NCiAgICAgICAgICA8L0hlYWRlcnM+DQogICAgICAgICAgPFF1ZXJ5U3RyaW5nUGFyYW1ldGVycz4NCiAgICAgICAgICAgIDxRdWVyeVN0cmluZ1BhcmFtZXRlciBOYW1lPSIiIFZhbHVlPSIiIFJlY29yZGVkVmFsdWU9IiIgQ29ycmVsYXRpb25CaW5kaW5nPSIiIFVybEVuY29kZT0iRmFsc2UiIFVzZVRvR3JvdXBSZXN1bHRzPSJGYWxzZSIgLz4NCiAgICAgICAgICA8L1F1ZXJ5U3RyaW5nUGFyYW1ldGVycz4NCiAgICAgICAgPC9SZXF1ZXN0Pg0KICAgICAgICA8UmVxdWVzdCBNZXRob2Q9IkdFVCIgR3VpZD0iMTM0NzkwOWMtNGU2Mi00ZjhjLTlkOWYtNWY1MWZhMDZlYjkzIiBWZXJzaW9uPSIxLjEiIFVybD0iaHR0cDovL3Rlc3Rpbmcud2FsbHlob21lLmNvbS9zaGFyZWQvZm9udHMvbmV4YS8yODg5MjRfQV8wLmVvdCIgVGhpbmtUaW1lPSIwIiBUaW1lb3V0PSIzMDAiIFBhcnNlRGVwZW5kZW50UmVxdWVzdHM9IlRydWUiIEZvbGxvd1JlZGlyZWN0cz0iVHJ1ZSIgUmVjb3JkUmVzdWx0PSJUcnVlIiBDYWNoZT0iRmFsc2UiIFJlc3BvbnNlVGltZUdvYWw9IjAiIEVuY29kaW5nPSJ1dGYtOCIgRXhwZWN0ZWRIdHRwU3RhdHVzQ29kZT0iMCIgRXhwZWN0ZWRSZXNwb25zZVVybD0iIiBSZXBvcnRpbmdOYW1lPSIiIElnbm9yZUh0dHBTdGF0dXNDb2RlPSJGYWxzZSI+DQogICAgICAgICAgPEhlYWRlcnM+DQogICAgICAgICAgICA8SGVhZGVyIE5hbWU9IlJlZmVyZXIiIFZhbHVlPSJodHRwOi8vdGVzdGluZy53YWxseWhvbWUuY29tL3RvdXIvIiAvPg0KICAgICAgICAgIDwvSGVhZGVycz4NCiAgICAgICAgICA8UXVlcnlTdHJpbmdQYXJhbWV0ZXJzPg0KICAgICAgICAgICAgPFF1ZXJ5U3RyaW5nUGFyYW1ldGVyIE5hbWU9IiIgVmFsdWU9IiIgUmVjb3JkZWRWYWx1ZT0iIiBDb3JyZWxhdGlvbkJpbmRpbmc9IiIgVXJsRW5jb2RlPSJGYWxzZSIgVXNlVG9Hcm91cFJlc3VsdHM9IkZhbHNlIiAvPg0KICAgICAgICAgIDwvUXVlcnlTdHJpbmdQYXJhbWV0ZXJzPg0KICAgICAgICA8L1JlcXVlc3Q+DQogICAgICAgIDxSZXF1ZXN0IE1ldGhvZD0iR0VUIiBHdWlkPSJhNGIxMmVjNy01OTVlLTQyMDctOTE3Ni1lNzAyMTg2ZWMwOTIiIFZlcnNpb249IjEuMSIgVXJsPSJodHRwOi8vdGVzdGluZy53YWxseWhvbWUuY29tL3NoYXJlZC9mb250cy9uZXhhLzI4ODkyNF8wXzAuZW90IiBUaGlua1RpbWU9IjAiIFRpbWVvdXQ9IjMwMCIgUGFyc2VEZXBlbmRlbnRSZXF1ZXN0cz0iVHJ1ZSIgRm9sbG93UmVkaXJlY3RzPSJUcnVlIiBSZWNvcmRSZXN1bHQ9IlRydWUiIENhY2hlPSJGYWxzZSIgUmVzcG9uc2VUaW1lR29hbD0iMCIgRW5jb2Rpbmc9InV0Zi04IiBFeHBlY3RlZEh0dHBTdGF0dXNDb2RlPSIwIiBFeHBlY3RlZFJlc3BvbnNlVXJsPSIiIFJlcG9ydGluZ05hbWU9IiIgSWdub3JlSHR0cFN0YXR1c0NvZGU9IkZhbHNlIj4NCiAgICAgICAgICA8SGVhZGVycz4NCiAgICAgICAgICAgIDxIZWFkZXIgTmFtZT0iUmVmZXJlciIgVmFsdWU9Imh0dHA6Ly90ZXN0aW5nLndhbGx5aG9tZS5jb20vdG91ci8iIC8+DQogICAgICAgICAgPC9IZWFkZXJzPg0KICAgICAgICAgIDxRdWVyeVN0cmluZ1BhcmFtZXRlcnM+DQogICAgICAgICAgICA8UXVlcnlTdHJpbmdQYXJhbWV0ZXIgTmFtZT0iIiBWYWx1ZT0iIiBSZWNvcmRlZFZhbHVlPSIiIENvcnJlbGF0aW9uQmluZGluZz0iIiBVcmxFbmNvZGU9IkZhbHNlIiBVc2VUb0dyb3VwUmVzdWx0cz0iRmFsc2UiIC8+DQogICAgICAgICAgPC9RdWVyeVN0cmluZ1BhcmFtZXRlcnM+DQogICAgICAgIDwvUmVxdWVzdD4NCiAgICAgIDwvRGVwZW5kZW50UmVxdWVzdHM+DQogICAgPC9SZXF1ZXN0Pg0KICA8L0l0ZW1zPg0KICA8VmFsaWRhdGlvblJ1bGVzPg0KICAgIDxWYWxpZGF0aW9uUnVsZSBDbGFzc25hbWU9Ik1pY3Jvc29mdC5WaXN1YWxTdHVkaW8uVGVzdFRvb2xzLldlYlRlc3RpbmcuUnVsZXMuVmFsaWRhdGVSZXNwb25zZVVybCwgTWljcm9zb2Z0LlZpc3VhbFN0dWRpby5RdWFsaXR5VG9vbHMuV2ViVGVzdEZyYW1ld29yaywgVmVyc2lvbj0xMC4wLjAuMCwgQ3VsdHVyZT1uZXV0cmFsLCBQdWJsaWNLZXlUb2tlbj1iMDNmNWY3ZjExZDUwYTNhIiBEaXNwbGF5TmFtZT0iUmVzcG9uc2UgVVJMIiBEZXNjcmlwdGlvbj0iVmFsaWRhdGVzIHRoYXQgdGhlIHJlc3BvbnNlIFVSTCBhZnRlciByZWRpcmVjdHMgYXJlIGZvbGxvd2VkIGlzIHRoZSBzYW1lIGFzIHRoZSByZWNvcmRlZCByZXNwb25zZSBVUkwuICBRdWVyeVN0cmluZyBwYXJhbWV0ZXJzIGFyZSBpZ25vcmVkLiIgTGV2ZWw9IkxvdyIgRXhlY3R1aW9uT3JkZXI9IkJlZm9yZURlcGVuZGVudHMiIC8+DQogICAgPFZhbGlkYXRpb25SdWxlIENsYXNzbmFtZT0iTWljcm9zb2Z0LlZpc3VhbFN0dWRpby5UZXN0VG9vbHMuV2ViVGVzdGluZy5SdWxlcy5WYWxpZGF0aW9uUnVsZVJlc3BvbnNlVGltZUdvYWwsIE1pY3Jvc29mdC5WaXN1YWxTdHVkaW8uUXVhbGl0eVRvb2xzLldlYlRlc3RGcmFtZXdvcmssIFZlcnNpb249MTAuMC4wLjAsIEN1bHR1cmU9bmV1dHJhbCwgUHVibGljS2V5VG9rZW49YjAzZjVmN2YxMWQ1MGEzYSIgRGlzcGxheU5hbWU9IlJlc3BvbnNlIFRpbWUgR29hbCIgRGVzY3JpcHRpb249IlZhbGlkYXRlcyB0aGF0IHRoZSByZXNwb25zZSB0aW1lIGZvciB0aGUgcmVxdWVzdCBpcyBsZXNzIHRoYW4gb3IgZXF1YWwgdG8gdGhlIHJlc3BvbnNlIHRpbWUgZ29hbCBhcyBzcGVjaWZpZWQgb24gdGhlIHJlcXVlc3QuICBSZXNwb25zZSB0aW1lIGdvYWxzIG9mIHplcm8gd2lsbCBiZSBpZ25vcmVkLiIgTGV2ZWw9IkxvdyIgRXhlY3R1aW9uT3JkZXI9IkFmdGVyRGVwZW5kZW50cyI+DQogICAgICA8UnVsZVBhcmFtZXRlcnM+DQogICAgICAgIDxSdWxlUGFyYW1ldGVyIE5hbWU9IlRvbGVyYW5jZSIgVmFsdWU9IjAiIC8+DQogICAgICA8L1J1bGVQYXJhbWV0ZXJzPg0KICAgIDwvVmFsaWRhdGlvblJ1bGU+DQogIDwvVmFsaWRhdGlvblJ1bGVzPg0KPC9XZWJUZXN0Pg==">
      <Execution id="e386d086-9637-4f8c-8bf6-053bc77523e3" />
    </WebTest>
  </TestDefinitions>
  <TestLists>
    <TestList name="Results Not in a List" id="8c84fa94-04c1-424b-9868-57a2d4851a1d" />
    <TestList name="All Loaded Results" id="19431567-8539-422a-85d7-44ee4e166bda" />
  </TestLists>
  <TestEntries>
    <TestEntry isTransparent="false" testId="7129c2bd-0195-4a85-8317-8220b1af24bb" executionId="e386d086-9637-4f8c-8bf6-053bc77523e3" testListId="8c84fa94-04c1-424b-9868-57a2d4851a1d" />
  </TestEntries>
  <Results>
    <WebTestResult executionId="e386d086-9637-4f8c-8bf6-053bc77523e3" testId="7129c2bd-0195-4a85-8317-8220b1af24bb" testName="Tour" computerName="ANDREW-SNUPI" duration="00:00:01.0987985" startTime="2014-07-14T11:30:23.4541239-07:00" endTime="2014-07-14T11:30:35.1275074-07:00" testType="4e7599fa-5ecb-43e9-a887-cd63cf72d207" outcome="Passed" testListId="8c84fa94-04c1-424b-9868-57a2d4851a1d" relativeResultsDirectory="e386d086-9637-4f8c-8bf6-053bc77523e3">
      <ResultFiles>
        <ResultFile path="Tour.webtestResult" />
      </ResultFiles>
      <TestSettings name="Local" id="44b1e147-3379-4fed-b2d5-a247480be46e">
        <Description>These are default test settings for a local test run.</Description>
        <Execution>
          <TestTypeSpecific>
            <WebTestRunConfiguration testTypeId="4e7599fa-5ecb-43e9-a887-cd63cf72d207">
              <Browser name="Internet Explorer 9.0" MaxConnections="6">
                <Headers>
                  <Header name="User-Agent" value="Mozilla/5.0 (compatible; MSIE 9.0; Windows NT 6.1; Trident/5.0)" />
                  <Header name="Accept" value="*/*" />
                  <Header name="Accept-Language" value="{{$IEAcceptLanguage}}" />
                  <Header name="Accept-Encoding" value="GZIP" />
                </Headers>
              </Browser>
            </WebTestRunConfiguration>
          </TestTypeSpecific>
          <AgentRule name="Execution Agents">
          </AgentRule>
        </Execution>
        <Deployment runDeploymentRoot="Andy_ANDREW-SNUPI 2014-07-14 11_30_23" />
        <Properties />
      </TestSettings>
      <WebTestResultFilePath>Andy_ANDREW-SNUPI 2014-07-14 11_30_23\In\e386d086-9637-4f8c-8bf6-053bc77523e3\Tour.webtestResult</WebTestResultFilePath>
    </WebTestResult>
  </Results>
</TestRun>