<?xml version="1.0" encoding="UTF-8"?>
<TestRun id="4c2d6610-d53f-4901-968c-7de4612497a9" name="Andy@ANDREW-SNUPI 2014-07-14 11:31:30" runUser="ANDREW-SNUPI\Andy" xmlns="http://microsoft.com/schemas/VisualStudio/TeamTest/2010">
  <TestSettings name="Local" id="44b1e147-3379-4fed-b2d5-a247480be46e">
    <Description>These are default test settings for a local test run.</Description>
    <Execution>
      <TestTypeSpecific />
      <AgentRule name="Execution Agents">
      </AgentRule>
    </Execution>
    <Deployment runDeploymentRoot="Andy_ANDREW-SNUPI 2014-07-14 11_31_30" />
    <Properties />
  </TestSettings>
  <Times creation="2014-07-14T11:31:30.8041890-07:00" queuing="2014-07-14T11:31:30.9802579-07:00" start="2014-07-14T11:31:31.0232965-07:00" finish="2014-07-14T11:31:44.3864876-07:00" />
  <ResultSummary outcome="Completed">
    <Counters total="1" executed="1" passed="1" error="0" failed="0" timeout="0" aborted="0" inconclusive="0" passedButRunAborted="0" notRunnable="0" notExecuted="0" disconnected="0" warning="0" completed="0" inProgress="0" pending="0" />
  </ResultSummary>
  <TestDefinitions>
    <WebTest name="TroubleshootingSupport" storage="c:\users\andy\documents\visual studio 2013\projects\wally\wally\outside\troubleshootingsupport.webtest" id="4bdd6744-0c2e-4d12-ad0f-28ce3f6aab0a" persistedWebTest="77u/PD94bWwgdmVyc2lvbj0iMS4wIiBlbmNvZGluZz0iVVRGLTgiIHN0YW5kYWxvbmU9InllcyI/Pg0KPFdlYlRlc3QgTmFtZT0iVHJvdWJsZXNob290aW5nU3VwcG9ydCIgSWQ9IjRiZGQ2NzQ0LTBjMmUtNGQxMi1hZDBmLTI4Y2UzZjZhYWIwYSIgT3duZXI9IiIgUHJpb3JpdHk9IjIxNDc0ODM2NDciIEVuYWJsZWQ9IlRydWUiIENzc1Byb2plY3RTdHJ1Y3R1cmU9IiIgQ3NzSXRlcmF0aW9uPSIiIFRpbWVvdXQ9IjAiIFdvcmtJdGVtSWRzPSIiIHhtbG5zPSJodHRwOi8vbWljcm9zb2Z0LmNvbS9zY2hlbWFzL1Zpc3VhbFN0dWRpby9UZWFtVGVzdC8yMDEwIiBEZXNjcmlwdGlvbj0iIiBDcmVkZW50aWFsVXNlck5hbWU9IiIgQ3JlZGVudGlhbFBhc3N3b3JkPSIiIFByZUF1dGhlbnRpY2F0ZT0iVHJ1ZSIgUHJveHk9ImRlZmF1bHQiIFN0b3BPbkVycm9yPSJGYWxzZSIgUmVjb3JkZWRSZXN1bHRGaWxlPSJXZWJUZXN0MS44NTg2MWIxNS1lYjcyLTQzZTktYWY0MS03YTFmYjBiMGIwZTgucmVjLndlYnRlc3RyZXN1bHQiIFJlc3VsdHNMb2NhbGU9IiI+DQogIDxJdGVtcz4NCiAgICA8UmVxdWVzdCBNZXRob2Q9IkdFVCIgR3VpZD0iODllN2VmYjktZmI0Yy00MDllLTllY2QtNTM5MjA2YWI2YzdkIiBWZXJzaW9uPSIxLjEiIFVybD0iaHR0cDovL3Rlc3Rpbmcud2FsbHlob21lLmNvbS9zdXBwb3J0L3Ryb3VibGVzaG9vdGluZy8iIFRoaW5rVGltZT0iMCIgVGltZW91dD0iMzAwIiBQYXJzZURlcGVuZGVudFJlcXVlc3RzPSJUcnVlIiBGb2xsb3dSZWRpcmVjdHM9IlRydWUiIFJlY29yZFJlc3VsdD0iVHJ1ZSIgQ2FjaGU9IkZhbHNlIiBSZXNwb25zZVRpbWVHb2FsPSIwIiBFbmNvZGluZz0idXRmLTgiIEV4cGVjdGVkSHR0cFN0YXR1c0NvZGU9IjAiIEV4cGVjdGVkUmVzcG9uc2VVcmw9IiIgUmVwb3J0aW5nTmFtZT0iIiBJZ25vcmVIdHRwU3RhdHVzQ29kZT0iRmFsc2UiIC8+DQogICAgPFJlcXVlc3QgTWV0aG9kPSJHRVQiIEd1aWQ9IjkxODQwOTQwLThlOTYtNGMwMC1hNzAwLTE1NjUxYWVhNGY0YyIgVmVyc2lvbj0iMS4xIiBVcmw9Imh0dHA6Ly9iZWFjb24tMi5uZXdyZWxpYy5jb20vMS82OWFkZTdlY2EwIiBUaGlua1RpbWU9IjAiIFRpbWVvdXQ9IjMwMCIgUGFyc2VEZXBlbmRlbnRSZXF1ZXN0cz0iVHJ1ZSIgRm9sbG93UmVkaXJlY3RzPSJUcnVlIiBSZWNvcmRSZXN1bHQ9IlRydWUiIENhY2hlPSJGYWxzZSIgUmVzcG9uc2VUaW1lR29hbD0iMCIgRW5jb2Rpbmc9Imlzby04ODU5LTEiIEV4cGVjdGVkSHR0cFN0YXR1c0NvZGU9IjAiIEV4cGVjdGVkUmVzcG9uc2VVcmw9IiIgUmVwb3J0aW5nTmFtZT0iIiBJZ25vcmVIdHRwU3RhdHVzQ29kZT0iRmFsc2UiPg0KICAgICAgPEhlYWRlcnM+DQogICAgICAgIDxIZWFkZXIgTmFtZT0iUmVmZXJlciIgVmFsdWU9Imh0dHA6Ly90ZXN0aW5nLndhbGx5aG9tZS5jb20vc3VwcG9ydC90cm91Ymxlc2hvb3RpbmcvIiAvPg0KICAgICAgPC9IZWFkZXJzPg0KICAgICAgPFF1ZXJ5U3RyaW5nUGFyYW1ldGVycz4NCiAgICAgICAgPFF1ZXJ5U3RyaW5nUGFyYW1ldGVyIE5hbWU9ImEiIFZhbHVlPSI0MjIwMzM4IiBSZWNvcmRlZFZhbHVlPSI0MjIwMzM4IiBDb3JyZWxhdGlvbkJpbmRpbmc9IiIgVXJsRW5jb2RlPSJGYWxzZSIgVXNlVG9Hcm91cFJlc3VsdHM9IkZhbHNlIiAvPg0KICAgICAgICA8UXVlcnlTdHJpbmdQYXJhbWV0ZXIgTmFtZT0iYXAiIFZhbHVlPSI4NjYiIFJlY29yZGVkVmFsdWU9Ijg2NiIgQ29ycmVsYXRpb25CaW5kaW5nPSIiIFVybEVuY29kZT0iRmFsc2UiIFVzZVRvR3JvdXBSZXN1bHRzPSJGYWxzZSIgLz4NCiAgICAgICAgPFF1ZXJ5U3RyaW5nUGFyYW1ldGVyIE5hbWU9ImJlIiBWYWx1ZT0iMTI1NyIgUmVjb3JkZWRWYWx1ZT0iMTI1NyIgQ29ycmVsYXRpb25CaW5kaW5nPSIiIFVybEVuY29kZT0iRmFsc2UiIFVzZVRvR3JvdXBSZXN1bHRzPSJGYWxzZSIgLz4NCiAgICAgICAgPFF1ZXJ5U3RyaW5nUGFyYW1ldGVyIE5hbWU9ImZlIiBWYWx1ZT0iMzc3IiBSZWNvcmRlZFZhbHVlPSIzNzciIENvcnJlbGF0aW9uQmluZGluZz0iIiBVcmxFbmNvZGU9IkZhbHNlIiBVc2VUb0dyb3VwUmVzdWx0cz0iRmFsc2UiIC8+DQogICAgICAgIDxRdWVyeVN0cmluZ1BhcmFtZXRlciBOYW1lPSJkYyIgVmFsdWU9IjMwOCIgUmVjb3JkZWRWYWx1ZT0iMzA4IiBDb3JyZWxhdGlvbkJpbmRpbmc9IiIgVXJsRW5jb2RlPSJGYWxzZSIgVXNlVG9Hcm91cFJlc3VsdHM9IkZhbHNlIiAvPg0KICAgICAgICA8UXVlcnlTdHJpbmdQYXJhbWV0ZXIgTmFtZT0idiIgVmFsdWU9IjQxMS5iMjk0NmMxIiBSZWNvcmRlZFZhbHVlPSI0MTEuYjI5NDZjMSIgQ29ycmVsYXRpb25CaW5kaW5nPSIiIFVybEVuY29kZT0iRmFsc2UiIFVzZVRvR3JvdXBSZXN1bHRzPSJGYWxzZSIgLz4NCiAgICAgICAgPFF1ZXJ5U3RyaW5nUGFyYW1ldGVyIE5hbWU9InRvIiBWYWx1ZT0iWTFFQVlFRlJXRUJUQlV3TFgxb2JJMWRIV1ZsZEhSVk5Fa0JiUmhZJTNEIiBSZWNvcmRlZFZhbHVlPSJZMUVBWUVGUldFQlRCVXdMWDFvYkkxZEhXVmxkSFJWTkVrQmJSaFklM0QiIENvcnJlbGF0aW9uQmluZGluZz0iIiBVcmxFbmNvZGU9IkZhbHNlIiBVc2VUb0dyb3VwUmVzdWx0cz0iRmFsc2UiIC8+DQogICAgICAgIDxRdWVyeVN0cmluZ1BhcmFtZXRlciBOYW1lPSJmIiBWYWx1ZT0iJTVCJTVEIiBSZWNvcmRlZFZhbHVlPSIlNUIlNUQiIENvcnJlbGF0aW9uQmluZGluZz0iIiBVcmxFbmNvZGU9IkZhbHNlIiBVc2VUb0dyb3VwUmVzdWx0cz0iRmFsc2UiIC8+DQogICAgICAgIDxRdWVyeVN0cmluZ1BhcmFtZXRlciBOYW1lPSJqc29ucCIgVmFsdWU9Ik5SRVVNLnNldFRva2VuIiBSZWNvcmRlZFZhbHVlPSJOUkVVTS5zZXRUb2tlbiIgQ29ycmVsYXRpb25CaW5kaW5nPSIiIFVybEVuY29kZT0iRmFsc2UiIFVzZVRvR3JvdXBSZXN1bHRzPSJGYWxzZSIgLz4NCiAgICAgICAgPFF1ZXJ5U3RyaW5nUGFyYW1ldGVyIE5hbWU9InBlcmYiIFZhbHVlPSIlN0IlMjJ0aW1pbmclMjI6JTdCJTIyb2YlMjI6MTQwNTEwMzY2NzE3OSwlMjJuJTIyOjAsJTIyZGwlMjI6MTE0MiwlMjJkaSUyMjoxNTY1LCUyMmRzJTIyOjE1NjUsJTIyZGUlMjI6MTU4NCwlMjJkYyUyMjoxNjMyLCUyMmwlMjI6MTYzMywlMjJsZSUyMjoxNjM1LCUyMmYlMjI6MCwlMjJkbiUyMjowLCUyMmRuZSUyMjowLCUyMmMlMjI6MCwlMjJjZSUyMjowLCUyMnJxJTIyOjExNDAsJTIycnAlMjI6MTE0MiwlMjJycGUlMjI6MTE0NyU3RCwlMjJuYXZpZ2F0aW9uJTIyOiU3QiU3RCU3RCIgUmVjb3JkZWRWYWx1ZT0iJTdCJTIydGltaW5nJTIyOiU3QiUyMm9mJTIyOjE0MDUxMDM2NjcxNzksJTIybiUyMjowLCUyMmRsJTIyOjExNDIsJTIyZGklMjI6MTU2NSwlMjJkcyUyMjoxNTY1LCUyMmRlJTIyOjE1ODQsJTIyZGMlMjI6MTYzMiwlMjJsJTIyOjE2MzMsJTIybGUlMjI6MTYzNSwlMjJmJTIyOjAsJTIyZG4lMjI6MCwlMjJkbmUlMjI6MCwlMjJjJTIyOjAsJTIyY2UlMjI6MCwlMjJycSUyMjoxMTQwLCUyMnJwJTIyOjExNDIsJTIycnBlJTIyOjExNDclN0QsJTIybmF2aWdhdGlvbiUyMjolN0IlN0QlN0QiIENvcnJlbGF0aW9uQmluZGluZz0iIiBVcmxFbmNvZGU9IkZhbHNlIiBVc2VUb0dyb3VwUmVzdWx0cz0iRmFsc2UiIC8+DQogICAgICAgIDxRdWVyeVN0cmluZ1BhcmFtZXRlciBOYW1lPSJhdCIgVmFsdWU9IlR4WURGZ2xMUzA0JTNEIiBSZWNvcmRlZFZhbHVlPSJUeFlERmdsTFMwNCUzRCIgQ29ycmVsYXRpb25CaW5kaW5nPSIiIFVybEVuY29kZT0iRmFsc2UiIFVzZVRvR3JvdXBSZXN1bHRzPSJGYWxzZSIgLz4NCiAgICAgIDwvUXVlcnlTdHJpbmdQYXJhbWV0ZXJzPg0KICAgIDwvUmVxdWVzdD4NCiAgPC9JdGVtcz4NCiAgPFZhbGlkYXRpb25SdWxlcz4NCiAgICA8VmFsaWRhdGlvblJ1bGUgQ2xhc3NuYW1lPSJNaWNyb3NvZnQuVmlzdWFsU3R1ZGlvLlRlc3RUb29scy5XZWJUZXN0aW5nLlJ1bGVzLlZhbGlkYXRlUmVzcG9uc2VVcmwsIE1pY3Jvc29mdC5WaXN1YWxTdHVkaW8uUXVhbGl0eVRvb2xzLldlYlRlc3RGcmFtZXdvcmssIFZlcnNpb249MTAuMC4wLjAsIEN1bHR1cmU9bmV1dHJhbCwgUHVibGljS2V5VG9rZW49YjAzZjVmN2YxMWQ1MGEzYSIgRGlzcGxheU5hbWU9IlJlc3BvbnNlIFVSTCIgRGVzY3JpcHRpb249IlZhbGlkYXRlcyB0aGF0IHRoZSByZXNwb25zZSBVUkwgYWZ0ZXIgcmVkaXJlY3RzIGFyZSBmb2xsb3dlZCBpcyB0aGUgc2FtZSBhcyB0aGUgcmVjb3JkZWQgcmVzcG9uc2UgVVJMLiAgUXVlcnlTdHJpbmcgcGFyYW1ldGVycyBhcmUgaWdub3JlZC4iIExldmVsPSJMb3ciIEV4ZWN0dWlvbk9yZGVyPSJCZWZvcmVEZXBlbmRlbnRzIiAvPg0KICAgIDxWYWxpZGF0aW9uUnVsZSBDbGFzc25hbWU9Ik1pY3Jvc29mdC5WaXN1YWxTdHVkaW8uVGVzdFRvb2xzLldlYlRlc3RpbmcuUnVsZXMuVmFsaWRhdGlvblJ1bGVSZXNwb25zZVRpbWVHb2FsLCBNaWNyb3NvZnQuVmlzdWFsU3R1ZGlvLlF1YWxpdHlUb29scy5XZWJUZXN0RnJhbWV3b3JrLCBWZXJzaW9uPTEwLjAuMC4wLCBDdWx0dXJlPW5ldXRyYWwsIFB1YmxpY0tleVRva2VuPWIwM2Y1ZjdmMTFkNTBhM2EiIERpc3BsYXlOYW1lPSJSZXNwb25zZSBUaW1lIEdvYWwiIERlc2NyaXB0aW9uPSJWYWxpZGF0ZXMgdGhhdCB0aGUgcmVzcG9uc2UgdGltZSBmb3IgdGhlIHJlcXVlc3QgaXMgbGVzcyB0aGFuIG9yIGVxdWFsIHRvIHRoZSByZXNwb25zZSB0aW1lIGdvYWwgYXMgc3BlY2lmaWVkIG9uIHRoZSByZXF1ZXN0LiAgUmVzcG9uc2UgdGltZSBnb2FscyBvZiB6ZXJvIHdpbGwgYmUgaWdub3JlZC4iIExldmVsPSJMb3ciIEV4ZWN0dWlvbk9yZGVyPSJBZnRlckRlcGVuZGVudHMiPg0KICAgICAgPFJ1bGVQYXJhbWV0ZXJzPg0KICAgICAgICA8UnVsZVBhcmFtZXRlciBOYW1lPSJUb2xlcmFuY2UiIFZhbHVlPSIwIiAvPg0KICAgICAgPC9SdWxlUGFyYW1ldGVycz4NCiAgICA8L1ZhbGlkYXRpb25SdWxlPg0KICA8L1ZhbGlkYXRpb25SdWxlcz4NCjwvV2ViVGVzdD4=">
      <Execution id="e42dafda-a886-4757-9747-8970a7574bb8" />
    </WebTest>
  </TestDefinitions>
  <TestLists>
    <TestList name="Results Not in a List" id="8c84fa94-04c1-424b-9868-57a2d4851a1d" />
    <TestList name="All Loaded Results" id="19431567-8539-422a-85d7-44ee4e166bda" />
  </TestLists>
  <TestEntries>
    <TestEntry isTransparent="false" testId="4bdd6744-0c2e-4d12-ad0f-28ce3f6aab0a" executionId="e42dafda-a886-4757-9747-8970a7574bb8" testListId="8c84fa94-04c1-424b-9868-57a2d4851a1d" />
  </TestEntries>
  <Results>
    <WebTestResult executionId="e42dafda-a886-4757-9747-8970a7574bb8" testId="4bdd6744-0c2e-4d12-ad0f-28ce3f6aab0a" testName="TroubleshootingSupport" computerName="ANDREW-SNUPI" duration="00:00:02.7095223" startTime="2014-07-14T11:31:31.0723308-07:00" endTime="2014-07-14T11:31:44.3524695-07:00" testType="4e7599fa-5ecb-43e9-a887-cd63cf72d207" outcome="Passed" testListId="8c84fa94-04c1-424b-9868-57a2d4851a1d" relativeResultsDirectory="e42dafda-a886-4757-9747-8970a7574bb8">
      <ResultFiles>
        <ResultFile path="TroubleshootingSupport.webtestResult" />
      </ResultFiles>
      <TestSettings name="Local" id="44b1e147-3379-4fed-b2d5-a247480be46e">
        <Description>These are default test settings for a local test run.</Description>
        <Execution>
          <TestTypeSpecific>
            <WebTestRunConfiguration testTypeId="4e7599fa-5ecb-43e9-a887-cd63cf72d207">
              <Browser name="Internet Explorer 9.0" MaxConnections="6">
                <Headers>
                  <Header name="User-Agent" value="Mozilla/5.0 (compatible; MSIE 9.0; Windows NT 6.1; Trident/5.0)" />
                  <Header name="Accept" value="*/*" />
                  <Header name="Accept-Language" value="{{$IEAcceptLanguage}}" />
                  <Header name="Accept-Encoding" value="GZIP" />
                </Headers>
              </Browser>
            </WebTestRunConfiguration>
          </TestTypeSpecific>
          <AgentRule name="Execution Agents">
          </AgentRule>
        </Execution>
        <Deployment runDeploymentRoot="Andy_ANDREW-SNUPI 2014-07-14 11_31_30" />
        <Properties />
      </TestSettings>
      <WebTestResultFilePath>Andy_ANDREW-SNUPI 2014-07-14 11_31_30\In\e42dafda-a886-4757-9747-8970a7574bb8\TroubleshootingSupport.webtestResult</WebTestResultFilePath>
    </WebTestResult>
  </Results>
</TestRun>