<?xml version="1.0" encoding="UTF-8"?>
<TestRun id="0b6804da-c9ee-41d6-96c8-bdb2398f159a" name="Andy@ANDREW-SNUPI 2014-07-14 14:39:51" runUser="ANDREW-SNUPI\Andy" xmlns="http://microsoft.com/schemas/VisualStudio/TeamTest/2010">
  <TestSettings name="Local" id="44b1e147-3379-4fed-b2d5-a247480be46e">
    <Description>These are default test settings for a local test run.</Description>
    <Execution>
      <TestTypeSpecific />
      <AgentRule name="Execution Agents">
      </AgentRule>
    </Execution>
    <Deployment runDeploymentRoot="Andy_ANDREW-SNUPI 2014-07-14 14_39_51" />
    <Properties />
  </TestSettings>
  <Times creation="2014-07-14T14:39:51.6946755-07:00" queuing="2014-07-14T14:39:51.8793685-07:00" start="2014-07-14T14:39:51.9374095-07:00" finish="2014-07-14T14:40:08.0894354-07:00" />
  <ResultSummary outcome="Failed">
    <Counters total="1" executed="1" error="0" failed="1" timeout="0" aborted="0" inconclusive="0" passedButRunAborted="0" notRunnable="0" notExecuted="0" disconnected="0" warning="0" passed="0" completed="0" inProgress="0" pending="0" />
  </ResultSummary>
  <TestDefinitions>
    <WebTest name="EditProfile" storage="c:\users\andy\documents\visual studio 2013\projects\wally\wally\app\editprofile.webtest" id="0384b7ca-b936-409b-9d79-0ecae6e123dc" persistedWebTest="77u/PD94bWwgdmVyc2lvbj0iMS4wIiBlbmNvZGluZz0iVVRGLTgiIHN0YW5kYWxvbmU9InllcyI/Pg0KPFdlYlRlc3QgTmFtZT0iRWRpdFByb2ZpbGUiIElkPSIwMzg0YjdjYS1iOTM2LTQwOWItOWQ3OS0wZWNhZTZlMTIzZGMiIE93bmVyPSIiIFByaW9yaXR5PSIyMTQ3NDgzNjQ3IiBFbmFibGVkPSJUcnVlIiBDc3NQcm9qZWN0U3RydWN0dXJlPSIiIENzc0l0ZXJhdGlvbj0iIiBUaW1lb3V0PSIwIiBXb3JrSXRlbUlkcz0iIiB4bWxucz0iaHR0cDovL21pY3Jvc29mdC5jb20vc2NoZW1hcy9WaXN1YWxTdHVkaW8vVGVhbVRlc3QvMjAxMCIgRGVzY3JpcHRpb249IiIgQ3JlZGVudGlhbFVzZXJOYW1lPSIiIENyZWRlbnRpYWxQYXNzd29yZD0iIiBQcmVBdXRoZW50aWNhdGU9IlRydWUiIFByb3h5PSJkZWZhdWx0IiBTdG9wT25FcnJvcj0iRmFsc2UiIFJlY29yZGVkUmVzdWx0RmlsZT0iV2ViVGVzdDEuYzAzNDI2MTQtOTM5NC00MDYzLTk3M2QtZjY2ZjQ5NGZkOWEyLnJlYy53ZWJ0ZXN0cmVzdWx0IiBSZXN1bHRzTG9jYWxlPSIiPg0KICA8SXRlbXM+DQogICAgPFJlcXVlc3QgTWV0aG9kPSJHRVQiIEd1aWQ9ImE2ZjI5NTFkLTVjMWItNGE3NS1iMmUzLWY4MGE3ODkwYTVlNyIgVmVyc2lvbj0iMS4xIiBVcmw9Imh0dHBzOi8vdGVzdGluZy53YWxseWhvbWUuY29tL215LyIgVGhpbmtUaW1lPSIwIiBUaW1lb3V0PSIzMDAiIFBhcnNlRGVwZW5kZW50UmVxdWVzdHM9IlRydWUiIEZvbGxvd1JlZGlyZWN0cz0iVHJ1ZSIgUmVjb3JkUmVzdWx0PSJUcnVlIiBDYWNoZT0iRmFsc2UiIFJlc3BvbnNlVGltZUdvYWw9IjAiIEVuY29kaW5nPSJ1dGYtOCIgRXhwZWN0ZWRIdHRwU3RhdHVzQ29kZT0iMCIgRXhwZWN0ZWRSZXNwb25zZVVybD0iIiBSZXBvcnRpbmdOYW1lPSIiIElnbm9yZUh0dHBTdGF0dXNDb2RlPSJGYWxzZSI+DQogICAgICA8RGVwZW5kZW50UmVxdWVzdHM+DQogICAgICAgIDxSZXF1ZXN0IE1ldGhvZD0iR0VUIiBHdWlkPSJjNWU1OTRhMS1kZmZiLTQ1MzAtYjVkYi0xNjBmZTY3Nzc2ZTUiIFZlcnNpb249IjEuMSIgVXJsPSJodHRwczovL3Rlc3Rpbmcuc25zci5uZXQvdjIvc2VlZC9hcHBsaWFuY2VzIiBUaGlua1RpbWU9IjAiIFRpbWVvdXQ9IjMwMCIgUGFyc2VEZXBlbmRlbnRSZXF1ZXN0cz0iVHJ1ZSIgRm9sbG93UmVkaXJlY3RzPSJUcnVlIiBSZWNvcmRSZXN1bHQ9IlRydWUiIENhY2hlPSJGYWxzZSIgUmVzcG9uc2VUaW1lR29hbD0iMCIgRW5jb2Rpbmc9InV0Zi04IiBFeHBlY3RlZEh0dHBTdGF0dXNDb2RlPSIwIiBFeHBlY3RlZFJlc3BvbnNlVXJsPSIiIFJlcG9ydGluZ05hbWU9IiIgSWdub3JlSHR0cFN0YXR1c0NvZGU9IkZhbHNlIj4NCiAgICAgICAgICA8SGVhZGVycz4NCiAgICAgICAgICAgIDxIZWFkZXIgTmFtZT0iUmVmZXJlciIgVmFsdWU9Imh0dHBzOi8vdGVzdGluZy53YWxseWhvbWUuY29tL215LyIgLz4NCiAgICAgICAgICA8L0hlYWRlcnM+DQogICAgICAgIDwvUmVxdWVzdD4NCiAgICAgIDwvRGVwZW5kZW50UmVxdWVzdHM+DQogICAgPC9SZXF1ZXN0Pg0KICAgIDxSZXF1ZXN0IE1ldGhvZD0iR0VUIiBHdWlkPSIwOWJkNTVjZi1iYTlmLTQwNDQtYjBiNC1mZWUyMGIzZDc2YzUiIFZlcnNpb249IjEuMSIgVXJsPSJodHRwczovL3Rlc3Rpbmcuc25zci5uZXQvdjIvc2VlZC9mbG9vcnMiIFRoaW5rVGltZT0iMCIgVGltZW91dD0iMzAwIiBQYXJzZURlcGVuZGVudFJlcXVlc3RzPSJUcnVlIiBGb2xsb3dSZWRpcmVjdHM9IlRydWUiIFJlY29yZFJlc3VsdD0iVHJ1ZSIgQ2FjaGU9IkZhbHNlIiBSZXNwb25zZVRpbWVHb2FsPSIwIiBFbmNvZGluZz0idXRmLTgiIEV4cGVjdGVkSHR0cFN0YXR1c0NvZGU9IjAiIEV4cGVjdGVkUmVzcG9uc2VVcmw9IiIgUmVwb3J0aW5nTmFtZT0iIiBJZ25vcmVIdHRwU3RhdHVzQ29kZT0iRmFsc2UiPg0KICAgICAgPEhlYWRlcnM+DQogICAgICAgIDxIZWFkZXIgTmFtZT0iUmVmZXJlciIgVmFsdWU9Imh0dHBzOi8vdGVzdGluZy53YWxseWhvbWUuY29tL215LyIgLz4NCiAgICAgIDwvSGVhZGVycz4NCiAgICA8L1JlcXVlc3Q+DQogICAgPFJlcXVlc3QgTWV0aG9kPSJHRVQiIEd1aWQ9IjlmNjVkMzg0LTRhMWEtNDdlNi1iZmEzLTBhZDMwZWQ1YzFjZSIgVmVyc2lvbj0iMS4xIiBVcmw9Imh0dHBzOi8vdGVzdGluZy5zbnNyLm5ldC92Mi9zZWVkL3Jvb21zIiBUaGlua1RpbWU9IjAiIFRpbWVvdXQ9IjMwMCIgUGFyc2VEZXBlbmRlbnRSZXF1ZXN0cz0iVHJ1ZSIgRm9sbG93UmVkaXJlY3RzPSJUcnVlIiBSZWNvcmRSZXN1bHQ9IlRydWUiIENhY2hlPSJGYWxzZSIgUmVzcG9uc2VUaW1lR29hbD0iMCIgRW5jb2Rpbmc9InV0Zi04IiBFeHBlY3RlZEh0dHBTdGF0dXNDb2RlPSIwIiBFeHBlY3RlZFJlc3BvbnNlVXJsPSIiIFJlcG9ydGluZ05hbWU9IiIgSWdub3JlSHR0cFN0YXR1c0NvZGU9IkZhbHNlIj4NCiAgICAgIDxIZWFkZXJzPg0KICAgICAgICA8SGVhZGVyIE5hbWU9IlJlZmVyZXIiIFZhbHVlPSJodHRwczovL3Rlc3Rpbmcud2FsbHlob21lLmNvbS9teS8iIC8+DQogICAgICA8L0hlYWRlcnM+DQogICAgPC9SZXF1ZXN0Pg0KICAgIDxSZXF1ZXN0IE1ldGhvZD0iT1BUSU9OUyIgR3VpZD0iMjUzYzZiOTItZTI3OS00YjM3LWI2YmMtYzgxOWY4Njc4YzlhIiBWZXJzaW9uPSIxLjEiIFVybD0iaHR0cHM6Ly90ZXN0aW5nLnNuc3IubmV0L3YyL3Rva2VuIiBUaGlua1RpbWU9IjAiIFRpbWVvdXQ9IjMwMCIgUGFyc2VEZXBlbmRlbnRSZXF1ZXN0cz0iVHJ1ZSIgRm9sbG93UmVkaXJlY3RzPSJUcnVlIiBSZWNvcmRSZXN1bHQ9IlRydWUiIENhY2hlPSJGYWxzZSIgUmVzcG9uc2VUaW1lR29hbD0iMCIgRW5jb2Rpbmc9InV0Zi04IiBFeHBlY3RlZEh0dHBTdGF0dXNDb2RlPSIwIiBFeHBlY3RlZFJlc3BvbnNlVXJsPSIiIFJlcG9ydGluZ05hbWU9IiIgSWdub3JlSHR0cFN0YXR1c0NvZGU9IkZhbHNlIj4NCiAgICAgIDxTdHJpbmdIdHRwQm9keSBDb250ZW50VHlwZT0iIiBJbnNlcnRCeXRlT3JkZXJNYXJrPSJGYWxzZSI+DQogICAgICA8L1N0cmluZ0h0dHBCb2R5Pg0KICAgIDwvUmVxdWVzdD4NCiAgICA8UmVxdWVzdCBNZXRob2Q9IlBPU1QiIEd1aWQ9IjRkYTA0MDYxLWVhMWQtNGNiMi05YjMyLThjNmMzODgyZjFkZiIgVmVyc2lvbj0iMS4xIiBVcmw9Imh0dHBzOi8vdGVzdGluZy5zbnNyLm5ldC92Mi90b2tlbiIgVGhpbmtUaW1lPSIwIiBUaW1lb3V0PSIzMDAiIFBhcnNlRGVwZW5kZW50UmVxdWVzdHM9IlRydWUiIEZvbGxvd1JlZGlyZWN0cz0iVHJ1ZSIgUmVjb3JkUmVzdWx0PSJUcnVlIiBDYWNoZT0iRmFsc2UiIFJlc3BvbnNlVGltZUdvYWw9IjAiIEVuY29kaW5nPSJ1dGYtOCIgRXhwZWN0ZWRIdHRwU3RhdHVzQ29kZT0iMCIgRXhwZWN0ZWRSZXNwb25zZVVybD0iIiBSZXBvcnRpbmdOYW1lPSIiIElnbm9yZUh0dHBTdGF0dXNDb2RlPSJGYWxzZSI+DQogICAgICA8SGVhZGVycz4NCiAgICAgICAgPEhlYWRlciBOYW1lPSJSZWZlcmVyIiBWYWx1ZT0iaHR0cHM6Ly90ZXN0aW5nLndhbGx5aG9tZS5jb20vbXkvIiAvPg0KICAgICAgPC9IZWFkZXJzPg0KICAgICAgPFN0cmluZ0h0dHBCb2R5IENvbnRlbnRUeXBlPSJhcHBsaWNhdGlvbi9qc29uIiBJbnNlcnRCeXRlT3JkZXJNYXJrPSJGYWxzZSI+ZXdBaUFHRUFZd0JqQUc4QWRRQnVBSFFBU1FCa0FDSUFPZ0FpQUdFQWJnQmtBSElBWlFCM0FFQUFjd0J1QUhVQWNBQnBBQzRBWXdCdkFHMEFJZ0FzQUNJQWNBQmhBSE1BY3dCM0FHOEFjZ0JrQUNJQU9nQWlBSE1BYmdCMUFIQUFhUUIwQUdVQWN3QjBBQ0lBZlFBPTwvU3RyaW5nSHR0cEJvZHk+DQogICAgPC9SZXF1ZXN0Pg0KICAgIDxSZXF1ZXN0IE1ldGhvZD0iT1BUSU9OUyIgR3VpZD0iYjJkMGQzYmItNjM1Yi00YmRmLWE0MjAtZDQyNjlhZDI2YWU0IiBWZXJzaW9uPSIxLjEiIFVybD0iaHR0cHM6Ly90ZXN0aW5nLnNuc3IubmV0L3YyL2FjY291bnRzIiBUaGlua1RpbWU9IjAiIFRpbWVvdXQ9IjMwMCIgUGFyc2VEZXBlbmRlbnRSZXF1ZXN0cz0iVHJ1ZSIgRm9sbG93UmVkaXJlY3RzPSJUcnVlIiBSZWNvcmRSZXN1bHQ9IlRydWUiIENhY2hlPSJGYWxzZSIgUmVzcG9uc2VUaW1lR29hbD0iMCIgRW5jb2Rpbmc9InV0Zi04IiBFeHBlY3RlZEh0dHBTdGF0dXNDb2RlPSIwIiBFeHBlY3RlZFJlc3BvbnNlVXJsPSIiIFJlcG9ydGluZ05hbWU9IiIgSWdub3JlSHR0cFN0YXR1c0NvZGU9IkZhbHNlIj4NCiAgICAgIDxTdHJpbmdIdHRwQm9keSBDb250ZW50VHlwZT0iIiBJbnNlcnRCeXRlT3JkZXJNYXJrPSJGYWxzZSI+DQogICAgICA8L1N0cmluZ0h0dHBCb2R5Pg0KICAgIDwvUmVxdWVzdD4NCiAgICA8UmVxdWVzdCBNZXRob2Q9IkdFVCIgR3VpZD0iNTZkN2ZmYmQtNTk4My00YmRmLTg1YjktNjQzODliNjc2YTg4IiBWZXJzaW9uPSIxLjEiIFVybD0iaHR0cHM6Ly90ZXN0aW5nLnNuc3IubmV0L3YyL2FjY291bnRzIiBUaGlua1RpbWU9IjAiIFRpbWVvdXQ9IjMwMCIgUGFyc2VEZXBlbmRlbnRSZXF1ZXN0cz0iVHJ1ZSIgRm9sbG93UmVkaXJlY3RzPSJUcnVlIiBSZWNvcmRSZXN1bHQ9IlRydWUiIENhY2hlPSJGYWxzZSIgUmVzcG9uc2VUaW1lR29hbD0iMCIgRW5jb2Rpbmc9InV0Zi04IiBFeHBlY3RlZEh0dHBTdGF0dXNDb2RlPSIwIiBFeHBlY3RlZFJlc3BvbnNlVXJsPSIiIFJlcG9ydGluZ05hbWU9IiIgSWdub3JlSHR0cFN0YXR1c0NvZGU9IkZhbHNlIj4NCiAgICAgIDxIZWFkZXJzPg0KICAgICAgICA8SGVhZGVyIE5hbWU9IlJlZmVyZXIiIFZhbHVlPSJodHRwczovL3Rlc3Rpbmcud2FsbHlob21lLmNvbS9teS8iIC8+DQogICAgICAgIDxIZWFkZXIgTmFtZT0iQXV0aG9yaXphdGlvbiIgVmFsdWU9IkJlYXJlciA5MThmZmI1Ny1kNjBlLTRhNDYtYTMxMi0yMjdmZTM3YWM5YjIiIC8+DQogICAgICA8L0hlYWRlcnM+DQogICAgPC9SZXF1ZXN0Pg0KICAgIDxSZXF1ZXN0IE1ldGhvZD0iT1BUSU9OUyIgR3VpZD0iYTQ3YjhiOTItYjMxZS00MTFkLThjYjItMWVkMTkyMzViNDQwIiBWZXJzaW9uPSIxLjEiIFVybD0iaHR0cHM6Ly90ZXN0aW5nLnNuc3IubmV0L3YyL3BsYWNlcyIgVGhpbmtUaW1lPSIwIiBUaW1lb3V0PSIzMDAiIFBhcnNlRGVwZW5kZW50UmVxdWVzdHM9IlRydWUiIEZvbGxvd1JlZGlyZWN0cz0iVHJ1ZSIgUmVjb3JkUmVzdWx0PSJUcnVlIiBDYWNoZT0iRmFsc2UiIFJlc3BvbnNlVGltZUdvYWw9IjAiIEVuY29kaW5nPSJ1dGYtOCIgRXhwZWN0ZWRIdHRwU3RhdHVzQ29kZT0iMCIgRXhwZWN0ZWRSZXNwb25zZVVybD0iIiBSZXBvcnRpbmdOYW1lPSIiIElnbm9yZUh0dHBTdGF0dXNDb2RlPSJGYWxzZSI+DQogICAgICA8U3RyaW5nSHR0cEJvZHkgQ29udGVudFR5cGU9IiIgSW5zZXJ0Qnl0ZU9yZGVyTWFyaz0iRmFsc2UiPg0KICAgICAgPC9TdHJpbmdIdHRwQm9keT4NCiAgICA8L1JlcXVlc3Q+DQogICAgPFJlcXVlc3QgTWV0aG9kPSJHRVQiIEd1aWQ9ImYxNmNhNGM2LTRlZjgtNGU1MS1hNmUwLTVhMzU1MjZiZjU2MCIgVmVyc2lvbj0iMS4xIiBVcmw9Imh0dHBzOi8vdGVzdGluZy5zbnNyLm5ldC92Mi9wbGFjZXMiIFRoaW5rVGltZT0iMCIgVGltZW91dD0iMzAwIiBQYXJzZURlcGVuZGVudFJlcXVlc3RzPSJUcnVlIiBGb2xsb3dSZWRpcmVjdHM9IlRydWUiIFJlY29yZFJlc3VsdD0iVHJ1ZSIgQ2FjaGU9IkZhbHNlIiBSZXNwb25zZVRpbWVHb2FsPSIwIiBFbmNvZGluZz0idXRmLTgiIEV4cGVjdGVkSHR0cFN0YXR1c0NvZGU9IjAiIEV4cGVjdGVkUmVzcG9uc2VVcmw9IiIgUmVwb3J0aW5nTmFtZT0iIiBJZ25vcmVIdHRwU3RhdHVzQ29kZT0iRmFsc2UiPg0KICAgICAgPEhlYWRlcnM+DQogICAgICAgIDxIZWFkZXIgTmFtZT0iUmVmZXJlciIgVmFsdWU9Imh0dHBzOi8vdGVzdGluZy53YWxseWhvbWUuY29tL215LyIgLz4NCiAgICAgICAgPEhlYWRlciBOYW1lPSJBdXRob3JpemF0aW9uIiBWYWx1ZT0iQmVhcmVyIDkxOGZmYjU3LWQ2MGUtNGE0Ni1hMzEyLTIyN2ZlMzdhYzliMiIgLz4NCiAgICAgIDwvSGVhZGVycz4NCiAgICA8L1JlcXVlc3Q+DQogICAgPFJlcXVlc3QgTWV0aG9kPSJPUFRJT05TIiBHdWlkPSI1YjcxYWIzMy1hNWRlLTQ3YjgtOTdiYi02YjlkNGQzMDdmNzciIFZlcnNpb249IjEuMSIgVXJsPSJodHRwczovL3Rlc3Rpbmcuc25zci5uZXQvdjIvcGxhY2VzLzUzNjE3Yzc1ZTRiMGFjYWI5NWYwNzE3Yi9jb250YWN0cyIgVGhpbmtUaW1lPSIwIiBUaW1lb3V0PSIzMDAiIFBhcnNlRGVwZW5kZW50UmVxdWVzdHM9IlRydWUiIEZvbGxvd1JlZGlyZWN0cz0iVHJ1ZSIgUmVjb3JkUmVzdWx0PSJUcnVlIiBDYWNoZT0iRmFsc2UiIFJlc3BvbnNlVGltZUdvYWw9IjAiIEVuY29kaW5nPSJ1dGYtOCIgRXhwZWN0ZWRIdHRwU3RhdHVzQ29kZT0iMCIgRXhwZWN0ZWRSZXNwb25zZVVybD0iIiBSZXBvcnRpbmdOYW1lPSIiIElnbm9yZUh0dHBTdGF0dXNDb2RlPSJGYWxzZSI+DQogICAgICA8SGVhZGVycz4NCiAgICAgICAgPEhlYWRlciBOYW1lPSJBdXRob3JpemF0aW9uIiBWYWx1ZT0iQmVhcmVyIDkxOGZmYjU3LWQ2MGUtNGE0Ni1hMzEyLTIyN2ZlMzdhYzliMiIgLz4NCiAgICAgIDwvSGVhZGVycz4NCiAgICAgIDxTdHJpbmdIdHRwQm9keSBDb250ZW50VHlwZT0iIiBJbnNlcnRCeXRlT3JkZXJNYXJrPSJGYWxzZSI+DQogICAgICA8L1N0cmluZ0h0dHBCb2R5Pg0KICAgIDwvUmVxdWVzdD4NCiAgICA8UmVxdWVzdCBNZXRob2Q9Ik9QVElPTlMiIEd1aWQ9IjcyOWFmZTUyLWU2YzQtNDMxMi04ODJmLWVmODQ1ZGVmN2JmYiIgVmVyc2lvbj0iMS4xIiBVcmw9Imh0dHBzOi8vdGVzdGluZy5zbnNyLm5ldC92Mi9wbGFjZXMvNTNiYjE5YTBlNGIwYzMxYmI0YTliNTVmL2NvbnRhY3RzIiBUaGlua1RpbWU9IjAiIFRpbWVvdXQ9IjMwMCIgUGFyc2VEZXBlbmRlbnRSZXF1ZXN0cz0iVHJ1ZSIgRm9sbG93UmVkaXJlY3RzPSJUcnVlIiBSZWNvcmRSZXN1bHQ9IlRydWUiIENhY2hlPSJGYWxzZSIgUmVzcG9uc2VUaW1lR29hbD0iMCIgRW5jb2Rpbmc9InV0Zi04IiBFeHBlY3RlZEh0dHBTdGF0dXNDb2RlPSIwIiBFeHBlY3RlZFJlc3BvbnNlVXJsPSIiIFJlcG9ydGluZ05hbWU9IiIgSWdub3JlSHR0cFN0YXR1c0NvZGU9IkZhbHNlIj4NCiAgICAgIDxIZWFkZXJzPg0KICAgICAgICA8SGVhZGVyIE5hbWU9IkF1dGhvcml6YXRpb24iIFZhbHVlPSJCZWFyZXIgOTE4ZmZiNTctZDYwZS00YTQ2LWEzMTItMjI3ZmUzN2FjOWIyIiAvPg0KICAgICAgPC9IZWFkZXJzPg0KICAgICAgPFN0cmluZ0h0dHBCb2R5IENvbnRlbnRUeXBlPSIiIEluc2VydEJ5dGVPcmRlck1hcms9IkZhbHNlIj4NCiAgICAgIDwvU3RyaW5nSHR0cEJvZHk+DQogICAgPC9SZXF1ZXN0Pg0KICAgIDxSZXF1ZXN0IE1ldGhvZD0iR0VUIiBHdWlkPSIzYWIyNTIzMy04MDU1LTQ2MzQtYjA1Yi01NzZjMGY0MDA1NDIiIFZlcnNpb249IjEuMSIgVXJsPSJodHRwczovL3Rlc3Rpbmcuc25zci5uZXQvdjIvcGxhY2VzLzUzNjE3Yzc1ZTRiMGFjYWI5NWYwNzE3Yi9jb250YWN0cyIgVGhpbmtUaW1lPSIwIiBUaW1lb3V0PSIzMDAiIFBhcnNlRGVwZW5kZW50UmVxdWVzdHM9IlRydWUiIEZvbGxvd1JlZGlyZWN0cz0iVHJ1ZSIgUmVjb3JkUmVzdWx0PSJUcnVlIiBDYWNoZT0iRmFsc2UiIFJlc3BvbnNlVGltZUdvYWw9IjAiIEVuY29kaW5nPSJ1dGYtOCIgRXhwZWN0ZWRIdHRwU3RhdHVzQ29kZT0iMCIgRXhwZWN0ZWRSZXNwb25zZVVybD0iIiBSZXBvcnRpbmdOYW1lPSIiIElnbm9yZUh0dHBTdGF0dXNDb2RlPSJGYWxzZSI+DQogICAgICA8SGVhZGVycz4NCiAgICAgICAgPEhlYWRlciBOYW1lPSJSZWZlcmVyIiBWYWx1ZT0iaHR0cHM6Ly90ZXN0aW5nLndhbGx5aG9tZS5jb20vbXkvIiAvPg0KICAgICAgICA8SGVhZGVyIE5hbWU9IkF1dGhvcml6YXRpb24iIFZhbHVlPSJCZWFyZXIgOTE4ZmZiNTctZDYwZS00YTQ2LWEzMTItMjI3ZmUzN2FjOWIyIiAvPg0KICAgICAgPC9IZWFkZXJzPg0KICAgIDwvUmVxdWVzdD4NCiAgICA8UmVxdWVzdCBNZXRob2Q9IkdFVCIgR3VpZD0iNjE0MGI2YWQtZGM3ZC00YTk1LTk0ODYtM2E5NWI0Y2Q2ZmI2IiBWZXJzaW9uPSIxLjEiIFVybD0iaHR0cHM6Ly90ZXN0aW5nLnNuc3IubmV0L3YyL3BsYWNlcy81M2JiMTlhMGU0YjBjMzFiYjRhOWI1NWYvY29udGFjdHMiIFRoaW5rVGltZT0iMCIgVGltZW91dD0iMzAwIiBQYXJzZURlcGVuZGVudFJlcXVlc3RzPSJUcnVlIiBGb2xsb3dSZWRpcmVjdHM9IlRydWUiIFJlY29yZFJlc3VsdD0iVHJ1ZSIgQ2FjaGU9IkZhbHNlIiBSZXNwb25zZVRpbWVHb2FsPSIwIiBFbmNvZGluZz0idXRmLTgiIEV4cGVjdGVkSHR0cFN0YXR1c0NvZGU9IjAiIEV4cGVjdGVkUmVzcG9uc2VVcmw9IiIgUmVwb3J0aW5nTmFtZT0iIiBJZ25vcmVIdHRwU3RhdHVzQ29kZT0iRmFsc2UiPg0KICAgICAgPEhlYWRlcnM+DQogICAgICAgIDxIZWFkZXIgTmFtZT0iUmVmZXJlciIgVmFsdWU9Imh0dHBzOi8vdGVzdGluZy53YWxseWhvbWUuY29tL215LyIgLz4NCiAgICAgICAgPEhlYWRlciBOYW1lPSJBdXRob3JpemF0aW9uIiBWYWx1ZT0iQmVhcmVyIDkxOGZmYjU3LWQ2MGUtNGE0Ni1hMzEyLTIyN2ZlMzdhYzliMiIgLz4NCiAgICAgIDwvSGVhZGVycz4NCiAgICA8L1JlcXVlc3Q+DQogICAgPFJlcXVlc3QgTWV0aG9kPSJPUFRJT05TIiBHdWlkPSIyMzEzOTllNC0yMTgxLTQxZGUtOGQ5OS1hZjNjYzlhMmE0ZTEiIFZlcnNpb249IjEuMSIgVXJsPSJodHRwczovL3Rlc3Rpbmcuc25zci5uZXQvdjIvcGxhY2VzLzUzNjE3Yzc1ZTRiMGFjYWI5NWYwNzE3Yi9nYXRld2F5cyIgVGhpbmtUaW1lPSIwIiBUaW1lb3V0PSIzMDAiIFBhcnNlRGVwZW5kZW50UmVxdWVzdHM9IlRydWUiIEZvbGxvd1JlZGlyZWN0cz0iVHJ1ZSIgUmVjb3JkUmVzdWx0PSJUcnVlIiBDYWNoZT0iRmFsc2UiIFJlc3BvbnNlVGltZUdvYWw9IjAiIEVuY29kaW5nPSJ1dGYtOCIgRXhwZWN0ZWRIdHRwU3RhdHVzQ29kZT0iMCIgRXhwZWN0ZWRSZXNwb25zZVVybD0iIiBSZXBvcnRpbmdOYW1lPSIiIElnbm9yZUh0dHBTdGF0dXNDb2RlPSJGYWxzZSI+DQogICAgICA8SGVhZGVycz4NCiAgICAgICAgPEhlYWRlciBOYW1lPSJBdXRob3JpemF0aW9uIiBWYWx1ZT0iQmVhcmVyIDkxOGZmYjU3LWQ2MGUtNGE0Ni1hMzEyLTIyN2ZlMzdhYzliMiIgLz4NCiAgICAgIDwvSGVhZGVycz4NCiAgICAgIDxTdHJpbmdIdHRwQm9keSBDb250ZW50VHlwZT0iIiBJbnNlcnRCeXRlT3JkZXJNYXJrPSJGYWxzZSI+DQogICAgICA8L1N0cmluZ0h0dHBCb2R5Pg0KICAgIDwvUmVxdWVzdD4NCiAgICA8UmVxdWVzdCBNZXRob2Q9Ik9QVElPTlMiIEd1aWQ9IjQ1MjNmYTk3LWJiODMtNGFhNC05ZTNjLThhNDhlMmY5YTMzMSIgVmVyc2lvbj0iMS4xIiBVcmw9Imh0dHBzOi8vdGVzdGluZy5zbnNyLm5ldC92Mi9wbGFjZXMvNTNiYjE5YTBlNGIwYzMxYmI0YTliNTVmL2dhdGV3YXlzIiBUaGlua1RpbWU9IjAiIFRpbWVvdXQ9IjMwMCIgUGFyc2VEZXBlbmRlbnRSZXF1ZXN0cz0iVHJ1ZSIgRm9sbG93UmVkaXJlY3RzPSJUcnVlIiBSZWNvcmRSZXN1bHQ9IlRydWUiIENhY2hlPSJGYWxzZSIgUmVzcG9uc2VUaW1lR29hbD0iMCIgRW5jb2Rpbmc9InV0Zi04IiBFeHBlY3RlZEh0dHBTdGF0dXNDb2RlPSIwIiBFeHBlY3RlZFJlc3BvbnNlVXJsPSIiIFJlcG9ydGluZ05hbWU9IiIgSWdub3JlSHR0cFN0YXR1c0NvZGU9IkZhbHNlIj4NCiAgICAgIDxIZWFkZXJzPg0KICAgICAgICA8SGVhZGVyIE5hbWU9IkF1dGhvcml6YXRpb24iIFZhbHVlPSJCZWFyZXIgOTE4ZmZiNTctZDYwZS00YTQ2LWEzMTItMjI3ZmUzN2FjOWIyIiAvPg0KICAgICAgPC9IZWFkZXJzPg0KICAgICAgPFN0cmluZ0h0dHBCb2R5IENvbnRlbnRUeXBlPSIiIEluc2VydEJ5dGVPcmRlck1hcms9IkZhbHNlIj4NCiAgICAgIDwvU3RyaW5nSHR0cEJvZHk+DQogICAgPC9SZXF1ZXN0Pg0KICAgIDxSZXF1ZXN0IE1ldGhvZD0iR0VUIiBHdWlkPSI0Y2RhZWE4ZC05ZTc4LTQwNjMtYTk4Mi1jODk1YjM2ZTkyOWQiIFZlcnNpb249IjEuMSIgVXJsPSJodHRwczovL3Rlc3Rpbmcuc25zci5uZXQvdjIvcGxhY2VzLzUzNjE3Yzc1ZTRiMGFjYWI5NWYwNzE3Yi9nYXRld2F5cyIgVGhpbmtUaW1lPSIwIiBUaW1lb3V0PSIzMDAiIFBhcnNlRGVwZW5kZW50UmVxdWVzdHM9IlRydWUiIEZvbGxvd1JlZGlyZWN0cz0iVHJ1ZSIgUmVjb3JkUmVzdWx0PSJUcnVlIiBDYWNoZT0iRmFsc2UiIFJlc3BvbnNlVGltZUdvYWw9IjAiIEVuY29kaW5nPSJ1dGYtOCIgRXhwZWN0ZWRIdHRwU3RhdHVzQ29kZT0iMCIgRXhwZWN0ZWRSZXNwb25zZVVybD0iIiBSZXBvcnRpbmdOYW1lPSIiIElnbm9yZUh0dHBTdGF0dXNDb2RlPSJGYWxzZSI+DQogICAgICA8SGVhZGVycz4NCiAgICAgICAgPEhlYWRlciBOYW1lPSJSZWZlcmVyIiBWYWx1ZT0iaHR0cHM6Ly90ZXN0aW5nLndhbGx5aG9tZS5jb20vbXkvIiAvPg0KICAgICAgICA8SGVhZGVyIE5hbWU9IkF1dGhvcml6YXRpb24iIFZhbHVlPSJCZWFyZXIgOTE4ZmZiNTctZDYwZS00YTQ2LWEzMTItMjI3ZmUzN2FjOWIyIiAvPg0KICAgICAgPC9IZWFkZXJzPg0KICAgIDwvUmVxdWVzdD4NCiAgICA8UmVxdWVzdCBNZXRob2Q9IkdFVCIgR3VpZD0iNWFlNDFjZjctNjE5Ny00Y2I4LWIzMGYtYzdmZGQwYWFiMWU5IiBWZXJzaW9uPSIxLjEiIFVybD0iaHR0cHM6Ly90ZXN0aW5nLnNuc3IubmV0L3YyL3BsYWNlcy81M2JiMTlhMGU0YjBjMzFiYjRhOWI1NWYvZ2F0ZXdheXMiIFRoaW5rVGltZT0iMCIgVGltZW91dD0iMzAwIiBQYXJzZURlcGVuZGVudFJlcXVlc3RzPSJUcnVlIiBGb2xsb3dSZWRpcmVjdHM9IlRydWUiIFJlY29yZFJlc3VsdD0iVHJ1ZSIgQ2FjaGU9IkZhbHNlIiBSZXNwb25zZVRpbWVHb2FsPSIwIiBFbmNvZGluZz0idXRmLTgiIEV4cGVjdGVkSHR0cFN0YXR1c0NvZGU9IjAiIEV4cGVjdGVkUmVzcG9uc2VVcmw9IiIgUmVwb3J0aW5nTmFtZT0iIiBJZ25vcmVIdHRwU3RhdHVzQ29kZT0iRmFsc2UiPg0KICAgICAgPEhlYWRlcnM+DQogICAgICAgIDxIZWFkZXIgTmFtZT0iUmVmZXJlciIgVmFsdWU9Imh0dHBzOi8vdGVzdGluZy53YWxseWhvbWUuY29tL215LyIgLz4NCiAgICAgICAgPEhlYWRlciBOYW1lPSJBdXRob3JpemF0aW9uIiBWYWx1ZT0iQmVhcmVyIDkxOGZmYjU3LWQ2MGUtNGE0Ni1hMzEyLTIyN2ZlMzdhYzliMiIgLz4NCiAgICAgIDwvSGVhZGVycz4NCiAgICA8L1JlcXVlc3Q+DQogICAgPFJlcXVlc3QgTWV0aG9kPSJPUFRJT05TIiBHdWlkPSI3ODU0YWVlYS1hNWU0LTQyM2EtODRjMS1kZmFhZmI1Yjk2MDkiIFZlcnNpb249IjEuMSIgVXJsPSJodHRwczovL3Rlc3Rpbmcuc25zci5uZXQvdjIvcGxhY2VzLzUzNjE3Yzc1ZTRiMGFjYWI5NWYwNzE3Yi9zZW5zb3JzIiBUaGlua1RpbWU9IjAiIFRpbWVvdXQ9IjMwMCIgUGFyc2VEZXBlbmRlbnRSZXF1ZXN0cz0iVHJ1ZSIgRm9sbG93UmVkaXJlY3RzPSJUcnVlIiBSZWNvcmRSZXN1bHQ9IlRydWUiIENhY2hlPSJGYWxzZSIgUmVzcG9uc2VUaW1lR29hbD0iMCIgRW5jb2Rpbmc9InV0Zi04IiBFeHBlY3RlZEh0dHBTdGF0dXNDb2RlPSIwIiBFeHBlY3RlZFJlc3BvbnNlVXJsPSIiIFJlcG9ydGluZ05hbWU9IiIgSWdub3JlSHR0cFN0YXR1c0NvZGU9IkZhbHNlIj4NCiAgICAgIDxIZWFkZXJzPg0KICAgICAgICA8SGVhZGVyIE5hbWU9IkF1dGhvcml6YXRpb24iIFZhbHVlPSJCZWFyZXIgOTE4ZmZiNTctZDYwZS00YTQ2LWEzMTItMjI3ZmUzN2FjOWIyIiAvPg0KICAgICAgPC9IZWFkZXJzPg0KICAgICAgPFN0cmluZ0h0dHBCb2R5IENvbnRlbnRUeXBlPSIiIEluc2VydEJ5dGVPcmRlck1hcms9IkZhbHNlIj4NCiAgICAgIDwvU3RyaW5nSHR0cEJvZHk+DQogICAgPC9SZXF1ZXN0Pg0KICAgIDxSZXF1ZXN0IE1ldGhvZD0iT1BUSU9OUyIgR3VpZD0iYjMwYzkwMjYtNTE3NS00ZDEzLWE2YzgtNTFjYjY1ZDY2OTgwIiBWZXJzaW9uPSIxLjEiIFVybD0iaHR0cHM6Ly90ZXN0aW5nLnNuc3IubmV0L3YyL3BsYWNlcy81M2JiMTlhMGU0YjBjMzFiYjRhOWI1NWYvc2Vuc29ycyIgVGhpbmtUaW1lPSIwIiBUaW1lb3V0PSIzMDAiIFBhcnNlRGVwZW5kZW50UmVxdWVzdHM9IlRydWUiIEZvbGxvd1JlZGlyZWN0cz0iVHJ1ZSIgUmVjb3JkUmVzdWx0PSJUcnVlIiBDYWNoZT0iRmFsc2UiIFJlc3BvbnNlVGltZUdvYWw9IjAiIEVuY29kaW5nPSJ1dGYtOCIgRXhwZWN0ZWRIdHRwU3RhdHVzQ29kZT0iMCIgRXhwZWN0ZWRSZXNwb25zZVVybD0iIiBSZXBvcnRpbmdOYW1lPSIiIElnbm9yZUh0dHBTdGF0dXNDb2RlPSJGYWxzZSI+DQogICAgICA8SGVhZGVycz4NCiAgICAgICAgPEhlYWRlciBOYW1lPSJBdXRob3JpemF0aW9uIiBWYWx1ZT0iQmVhcmVyIDkxOGZmYjU3LWQ2MGUtNGE0Ni1hMzEyLTIyN2ZlMzdhYzliMiIgLz4NCiAgICAgIDwvSGVhZGVycz4NCiAgICAgIDxTdHJpbmdIdHRwQm9keSBDb250ZW50VHlwZT0iIiBJbnNlcnRCeXRlT3JkZXJNYXJrPSJGYWxzZSI+DQogICAgICA8L1N0cmluZ0h0dHBCb2R5Pg0KICAgIDwvUmVxdWVzdD4NCiAgICA8UmVxdWVzdCBNZXRob2Q9IkdFVCIgR3VpZD0iMjhmNmVmN2MtYWI2NC00MThmLTk0ZjktMWY1MTc2MjFmNGU5IiBWZXJzaW9uPSIxLjEiIFVybD0iaHR0cHM6Ly90ZXN0aW5nLnNuc3IubmV0L3YyL3BsYWNlcy81MzYxN2M3NWU0YjBhY2FiOTVmMDcxN2Ivc2Vuc29ycyIgVGhpbmtUaW1lPSIwIiBUaW1lb3V0PSIzMDAiIFBhcnNlRGVwZW5kZW50UmVxdWVzdHM9IlRydWUiIEZvbGxvd1JlZGlyZWN0cz0iVHJ1ZSIgUmVjb3JkUmVzdWx0PSJUcnVlIiBDYWNoZT0iRmFsc2UiIFJlc3BvbnNlVGltZUdvYWw9IjAiIEVuY29kaW5nPSJ1dGYtOCIgRXhwZWN0ZWRIdHRwU3RhdHVzQ29kZT0iMCIgRXhwZWN0ZWRSZXNwb25zZVVybD0iIiBSZXBvcnRpbmdOYW1lPSIiIElnbm9yZUh0dHBTdGF0dXNDb2RlPSJGYWxzZSI+DQogICAgICA8SGVhZGVycz4NCiAgICAgICAgPEhlYWRlciBOYW1lPSJSZWZlcmVyIiBWYWx1ZT0iaHR0cHM6Ly90ZXN0aW5nLndhbGx5aG9tZS5jb20vbXkvIiAvPg0KICAgICAgICA8SGVhZGVyIE5hbWU9IkF1dGhvcml6YXRpb24iIFZhbHVlPSJCZWFyZXIgOTE4ZmZiNTctZDYwZS00YTQ2LWEzMTItMjI3ZmUzN2FjOWIyIiAvPg0KICAgICAgPC9IZWFkZXJzPg0KICAgIDwvUmVxdWVzdD4NCiAgICA8UmVxdWVzdCBNZXRob2Q9IkdFVCIgR3VpZD0iODQ3NmQwNTUtMDI1OS00ZjhjLTliZTgtZTJhM2IzNzM1NTk4IiBWZXJzaW9uPSIxLjEiIFVybD0iaHR0cHM6Ly90ZXN0aW5nLndhbGx5aG9tZS5jb20vbXkvIiBUaGlua1RpbWU9IjAiIFRpbWVvdXQ9IjMwMCIgUGFyc2VEZXBlbmRlbnRSZXF1ZXN0cz0iVHJ1ZSIgRm9sbG93UmVkaXJlY3RzPSJUcnVlIiBSZWNvcmRSZXN1bHQ9IlRydWUiIENhY2hlPSJGYWxzZSIgUmVzcG9uc2VUaW1lR29hbD0iMCIgRW5jb2Rpbmc9InV0Zi04IiBFeHBlY3RlZEh0dHBTdGF0dXNDb2RlPSIwIiBFeHBlY3RlZFJlc3BvbnNlVXJsPSJodHRwczovL3Rlc3Rpbmcud2FsbHlob21lLmNvbS9teS8jIiBSZXBvcnRpbmdOYW1lPSIiIElnbm9yZUh0dHBTdGF0dXNDb2RlPSJGYWxzZSIgLz4NCiAgICA8UmVxdWVzdCBNZXRob2Q9IkdFVCIgR3VpZD0iZWNjNTBjMzEtY2QyOC00NTc5LTg1ZDgtOGRkODFkZDE1ODU0IiBWZXJzaW9uPSIxLjEiIFVybD0iaHR0cHM6Ly90ZXN0aW5nLnNuc3IubmV0L3YyL3BsYWNlcy81M2JiMTlhMGU0YjBjMzFiYjRhOWI1NWYvc2Vuc29ycyIgVGhpbmtUaW1lPSIwIiBUaW1lb3V0PSIzMDAiIFBhcnNlRGVwZW5kZW50UmVxdWVzdHM9IlRydWUiIEZvbGxvd1JlZGlyZWN0cz0iVHJ1ZSIgUmVjb3JkUmVzdWx0PSJUcnVlIiBDYWNoZT0iRmFsc2UiIFJlc3BvbnNlVGltZUdvYWw9IjAiIEVuY29kaW5nPSJ1dGYtOCIgRXhwZWN0ZWRIdHRwU3RhdHVzQ29kZT0iMCIgRXhwZWN0ZWRSZXNwb25zZVVybD0iIiBSZXBvcnRpbmdOYW1lPSIiIElnbm9yZUh0dHBTdGF0dXNDb2RlPSJGYWxzZSI+DQogICAgICA8SGVhZGVycz4NCiAgICAgICAgPEhlYWRlciBOYW1lPSJSZWZlcmVyIiBWYWx1ZT0iaHR0cHM6Ly90ZXN0aW5nLndhbGx5aG9tZS5jb20vbXkvIiAvPg0KICAgICAgICA8SGVhZGVyIE5hbWU9IkF1dGhvcml6YXRpb24iIFZhbHVlPSJCZWFyZXIgOTE4ZmZiNTctZDYwZS00YTQ2LWEzMTItMjI3ZmUzN2FjOWIyIiAvPg0KICAgICAgPC9IZWFkZXJzPg0KICAgIDwvUmVxdWVzdD4NCiAgICA8UmVxdWVzdCBNZXRob2Q9IkdFVCIgR3VpZD0iYTA2ZmU2MTAtZmU0Ni00NjQ2LWFjOTgtZWVhZjA5YTBiMTc3IiBWZXJzaW9uPSIxLjEiIFVybD0iaHR0cHM6Ly90ZXN0aW5nLndhbGx5aG9tZS5jb20vbXkvcmVzb3VyY2VzL2ZvbnRzL3dhbGx5L3dhbGx5LWMwMGU2ZWI2M2IxMjE0MzIxZGU2OWZiZGI3OTQ2YzgwLmVvdCIgVGhpbmtUaW1lPSIwIiBUaW1lb3V0PSIzMDAiIFBhcnNlRGVwZW5kZW50UmVxdWVzdHM9IlRydWUiIEZvbGxvd1JlZGlyZWN0cz0iVHJ1ZSIgUmVjb3JkUmVzdWx0PSJUcnVlIiBDYWNoZT0iRmFsc2UiIFJlc3BvbnNlVGltZUdvYWw9IjAiIEVuY29kaW5nPSJ1dGYtOCIgRXhwZWN0ZWRIdHRwU3RhdHVzQ29kZT0iMCIgRXhwZWN0ZWRSZXNwb25zZVVybD0iIiBSZXBvcnRpbmdOYW1lPSIiIElnbm9yZUh0dHBTdGF0dXNDb2RlPSJGYWxzZSI+DQogICAgICA8SGVhZGVycz4NCiAgICAgICAgPEhlYWRlciBOYW1lPSJSZWZlcmVyIiBWYWx1ZT0iaHR0cHM6Ly90ZXN0aW5nLndhbGx5aG9tZS5jb20vbXkvIiAvPg0KICAgICAgPC9IZWFkZXJzPg0KICAgIDwvUmVxdWVzdD4NCiAgICA8UmVxdWVzdCBNZXRob2Q9IkdFVCIgR3VpZD0iMTJlNzJlNGMtNWE5Ni00OTJhLWFhNjYtODdmMzM0ZGQ3ZjUxIiBWZXJzaW9uPSIxLjEiIFVybD0iaHR0cHM6Ly90ZXN0aW5nLndhbGx5aG9tZS5jb20vbXkvcmVzb3VyY2VzL2ZvbnRzL3dhbGx5L3dhbGx5LWMwMGU2ZWI2M2IxMjE0MzIxZGU2OWZiZGI3OTQ2YzgwLmVvdCIgVGhpbmtUaW1lPSIwIiBUaW1lb3V0PSIzMDAiIFBhcnNlRGVwZW5kZW50UmVxdWVzdHM9IlRydWUiIEZvbGxvd1JlZGlyZWN0cz0iVHJ1ZSIgUmVjb3JkUmVzdWx0PSJUcnVlIiBDYWNoZT0iRmFsc2UiIFJlc3BvbnNlVGltZUdvYWw9IjAiIEVuY29kaW5nPSJ1dGYtOCIgRXhwZWN0ZWRIdHRwU3RhdHVzQ29kZT0iMCIgRXhwZWN0ZWRSZXNwb25zZVVybD0iIiBSZXBvcnRpbmdOYW1lPSIiIElnbm9yZUh0dHBTdGF0dXNDb2RlPSJGYWxzZSI+DQogICAgICA8SGVhZGVycz4NCiAgICAgICAgPEhlYWRlciBOYW1lPSJSZWZlcmVyIiBWYWx1ZT0iaHR0cHM6Ly90ZXN0aW5nLndhbGx5aG9tZS5jb20vbXkvIiAvPg0KICAgICAgPC9IZWFkZXJzPg0KICAgICAgPFF1ZXJ5U3RyaW5nUGFyYW1ldGVycz4NCiAgICAgICAgPFF1ZXJ5U3RyaW5nUGFyYW1ldGVyIE5hbWU9IiIgVmFsdWU9IiIgUmVjb3JkZWRWYWx1ZT0iIiBDb3JyZWxhdGlvbkJpbmRpbmc9IiIgVXJsRW5jb2RlPSJGYWxzZSIgVXNlVG9Hcm91cFJlc3VsdHM9IkZhbHNlIiAvPg0KICAgICAgPC9RdWVyeVN0cmluZ1BhcmFtZXRlcnM+DQogICAgPC9SZXF1ZXN0Pg0KICAgIDxSZXF1ZXN0IE1ldGhvZD0iT1BUSU9OUyIgR3VpZD0iYmMzZTY4MTYtNTU1Ni00OTFhLTgzODEtYzVmZGUzNTA5YjIzIiBWZXJzaW9uPSIxLjEiIFVybD0iaHR0cHM6Ly90ZXN0aW5nLnNuc3IubmV0L3YyL3BsYWNlcy81MzYxN2M3NWU0YjBhY2FiOTVmMDcxN2Ivd2VhdGhlciIgVGhpbmtUaW1lPSIwIiBUaW1lb3V0PSIzMDAiIFBhcnNlRGVwZW5kZW50UmVxdWVzdHM9IlRydWUiIEZvbGxvd1JlZGlyZWN0cz0iVHJ1ZSIgUmVjb3JkUmVzdWx0PSJUcnVlIiBDYWNoZT0iRmFsc2UiIFJlc3BvbnNlVGltZUdvYWw9IjAiIEVuY29kaW5nPSJ1dGYtOCIgRXhwZWN0ZWRIdHRwU3RhdHVzQ29kZT0iMCIgRXhwZWN0ZWRSZXNwb25zZVVybD0iIiBSZXBvcnRpbmdOYW1lPSIiIElnbm9yZUh0dHBTdGF0dXNDb2RlPSJGYWxzZSI+DQogICAgICA8SGVhZGVycz4NCiAgICAgICAgPEhlYWRlciBOYW1lPSJBdXRob3JpemF0aW9uIiBWYWx1ZT0iQmVhcmVyIDkxOGZmYjU3LWQ2MGUtNGE0Ni1hMzEyLTIyN2ZlMzdhYzliMiIgLz4NCiAgICAgIDwvSGVhZGVycz4NCiAgICAgIDxTdHJpbmdIdHRwQm9keSBDb250ZW50VHlwZT0iIiBJbnNlcnRCeXRlT3JkZXJNYXJrPSJGYWxzZSI+DQogICAgICA8L1N0cmluZ0h0dHBCb2R5Pg0KICAgIDwvUmVxdWVzdD4NCiAgICA8UmVxdWVzdCBNZXRob2Q9IkdFVCIgR3VpZD0iYzcxMWIwYzEtMzI0Yi00N2Y4LWFiMzQtZTFkZGM3YjM0YTY3IiBWZXJzaW9uPSIxLjEiIFVybD0iaHR0cHM6Ly90ZXN0aW5nLnNuc3IubmV0L3YyL2FjY291bnRzIiBUaGlua1RpbWU9IjAiIFRpbWVvdXQ9IjMwMCIgUGFyc2VEZXBlbmRlbnRSZXF1ZXN0cz0iVHJ1ZSIgRm9sbG93UmVkaXJlY3RzPSJUcnVlIiBSZWNvcmRSZXN1bHQ9IlRydWUiIENhY2hlPSJGYWxzZSIgUmVzcG9uc2VUaW1lR29hbD0iMCIgRW5jb2Rpbmc9InV0Zi04IiBFeHBlY3RlZEh0dHBTdGF0dXNDb2RlPSIwIiBFeHBlY3RlZFJlc3BvbnNlVXJsPSIiIFJlcG9ydGluZ05hbWU9IiIgSWdub3JlSHR0cFN0YXR1c0NvZGU9IkZhbHNlIj4NCiAgICAgIDxIZWFkZXJzPg0KICAgICAgICA8SGVhZGVyIE5hbWU9IlJlZmVyZXIiIFZhbHVlPSJodHRwczovL3Rlc3Rpbmcud2FsbHlob21lLmNvbS9teS8jIiAvPg0KICAgICAgICA8SGVhZGVyIE5hbWU9IkF1dGhvcml6YXRpb24iIFZhbHVlPSJCZWFyZXIgOTE4ZmZiNTctZDYwZS00YTQ2LWEzMTItMjI3ZmUzN2FjOWIyIiAvPg0KICAgICAgPC9IZWFkZXJzPg0KICAgIDwvUmVxdWVzdD4NCiAgICA8UmVxdWVzdCBNZXRob2Q9IkdFVCIgR3VpZD0iNjgzOTFmNzEtZjdjMy00NWNhLWJmODItMDhmN2VhMGQ5YTViIiBWZXJzaW9uPSIxLjEiIFVybD0iaHR0cHM6Ly90ZXN0aW5nLnNuc3IubmV0L3YyL3BsYWNlcy81MzYxN2M3NWU0YjBhY2FiOTVmMDcxN2Ivd2VhdGhlciIgVGhpbmtUaW1lPSIwIiBUaW1lb3V0PSIzMDAiIFBhcnNlRGVwZW5kZW50UmVxdWVzdHM9IlRydWUiIEZvbGxvd1JlZGlyZWN0cz0iVHJ1ZSIgUmVjb3JkUmVzdWx0PSJUcnVlIiBDYWNoZT0iRmFsc2UiIFJlc3BvbnNlVGltZUdvYWw9IjAiIEVuY29kaW5nPSJ1dGYtOCIgRXhwZWN0ZWRIdHRwU3RhdHVzQ29kZT0iMCIgRXhwZWN0ZWRSZXNwb25zZVVybD0iIiBSZXBvcnRpbmdOYW1lPSIiIElnbm9yZUh0dHBTdGF0dXNDb2RlPSJGYWxzZSI+DQogICAgICA8SGVhZGVycz4NCiAgICAgICAgPEhlYWRlciBOYW1lPSJSZWZlcmVyIiBWYWx1ZT0iaHR0cHM6Ly90ZXN0aW5nLndhbGx5aG9tZS5jb20vbXkvIyIgLz4NCiAgICAgICAgPEhlYWRlciBOYW1lPSJBdXRob3JpemF0aW9uIiBWYWx1ZT0iQmVhcmVyIDkxOGZmYjU3LWQ2MGUtNGE0Ni1hMzEyLTIyN2ZlMzdhYzliMiIgLz4NCiAgICAgIDwvSGVhZGVycz4NCiAgICA8L1JlcXVlc3Q+DQogICAgPFJlcXVlc3QgTWV0aG9kPSJHRVQiIEd1aWQ9ImEzNTkyNWEyLTE0YzMtNDI0Yi1iZjNhLWY1ZmEwZDQ0YzBkMSIgVmVyc2lvbj0iMS4xIiBVcmw9Imh0dHBzOi8vdGVzdGluZy5zbnNyLm5ldC92Mi9wbGFjZXMiIFRoaW5rVGltZT0iMCIgVGltZW91dD0iMzAwIiBQYXJzZURlcGVuZGVudFJlcXVlc3RzPSJUcnVlIiBGb2xsb3dSZWRpcmVjdHM9IlRydWUiIFJlY29yZFJlc3VsdD0iVHJ1ZSIgQ2FjaGU9IkZhbHNlIiBSZXNwb25zZVRpbWVHb2FsPSIwIiBFbmNvZGluZz0idXRmLTgiIEV4cGVjdGVkSHR0cFN0YXR1c0NvZGU9IjAiIEV4cGVjdGVkUmVzcG9uc2VVcmw9IiIgUmVwb3J0aW5nTmFtZT0iIiBJZ25vcmVIdHRwU3RhdHVzQ29kZT0iRmFsc2UiPg0KICAgICAgPEhlYWRlcnM+DQogICAgICAgIDxIZWFkZXIgTmFtZT0iUmVmZXJlciIgVmFsdWU9Imh0dHBzOi8vdGVzdGluZy53YWxseWhvbWUuY29tL215LyMiIC8+DQogICAgICAgIDxIZWFkZXIgTmFtZT0iQXV0aG9yaXphdGlvbiIgVmFsdWU9IkJlYXJlciA5MThmZmI1Ny1kNjBlLTRhNDYtYTMxMi0yMjdmZTM3YWM5YjIiIC8+DQogICAgICA8L0hlYWRlcnM+DQogICAgPC9SZXF1ZXN0Pg0KICAgIDxSZXF1ZXN0IE1ldGhvZD0iR0VUIiBHdWlkPSI2OWM3MmI5NC05ZjI1LTRjZTYtOWI2OC05M2QwMWQ3MjU3OTkiIFZlcnNpb249IjEuMSIgVXJsPSJodHRwczovL3Rlc3Rpbmcuc25zci5uZXQvdjIvcGxhY2VzLzUzNjE3Yzc1ZTRiMGFjYWI5NWYwNzE3Yi9jb250YWN0cyIgVGhpbmtUaW1lPSIwIiBUaW1lb3V0PSIzMDAiIFBhcnNlRGVwZW5kZW50UmVxdWVzdHM9IlRydWUiIEZvbGxvd1JlZGlyZWN0cz0iVHJ1ZSIgUmVjb3JkUmVzdWx0PSJUcnVlIiBDYWNoZT0iRmFsc2UiIFJlc3BvbnNlVGltZUdvYWw9IjAiIEVuY29kaW5nPSJ1dGYtOCIgRXhwZWN0ZWRIdHRwU3RhdHVzQ29kZT0iMCIgRXhwZWN0ZWRSZXNwb25zZVVybD0iIiBSZXBvcnRpbmdOYW1lPSIiIElnbm9yZUh0dHBTdGF0dXNDb2RlPSJGYWxzZSI+DQogICAgICA8SGVhZGVycz4NCiAgICAgICAgPEhlYWRlciBOYW1lPSJSZWZlcmVyIiBWYWx1ZT0iaHR0cHM6Ly90ZXN0aW5nLndhbGx5aG9tZS5jb20vbXkvIyIgLz4NCiAgICAgICAgPEhlYWRlciBOYW1lPSJBdXRob3JpemF0aW9uIiBWYWx1ZT0iQmVhcmVyIDkxOGZmYjU3LWQ2MGUtNGE0Ni1hMzEyLTIyN2ZlMzdhYzliMiIgLz4NCiAgICAgIDwvSGVhZGVycz4NCiAgICA8L1JlcXVlc3Q+DQogICAgPFJlcXVlc3QgTWV0aG9kPSJHRVQiIEd1aWQ9IjQ2YjI1ZmI3LTQ2NGItNDhhNi05MzgwLThjNTg2MmM0ZmI5MyIgVmVyc2lvbj0iMS4xIiBVcmw9Imh0dHBzOi8vdGVzdGluZy5zbnNyLm5ldC92Mi9wbGFjZXMvNTNiYjE5YTBlNGIwYzMxYmI0YTliNTVmL2NvbnRhY3RzIiBUaGlua1RpbWU9IjAiIFRpbWVvdXQ9IjMwMCIgUGFyc2VEZXBlbmRlbnRSZXF1ZXN0cz0iVHJ1ZSIgRm9sbG93UmVkaXJlY3RzPSJUcnVlIiBSZWNvcmRSZXN1bHQ9IlRydWUiIENhY2hlPSJGYWxzZSIgUmVzcG9uc2VUaW1lR29hbD0iMCIgRW5jb2Rpbmc9InV0Zi04IiBFeHBlY3RlZEh0dHBTdGF0dXNDb2RlPSIwIiBFeHBlY3RlZFJlc3BvbnNlVXJsPSIiIFJlcG9ydGluZ05hbWU9IiIgSWdub3JlSHR0cFN0YXR1c0NvZGU9IkZhbHNlIj4NCiAgICAgIDxIZWFkZXJzPg0KICAgICAgICA8SGVhZGVyIE5hbWU9IlJlZmVyZXIiIFZhbHVlPSJodHRwczovL3Rlc3Rpbmcud2FsbHlob21lLmNvbS9teS8jIiAvPg0KICAgICAgICA8SGVhZGVyIE5hbWU9IkF1dGhvcml6YXRpb24iIFZhbHVlPSJCZWFyZXIgOTE4ZmZiNTctZDYwZS00YTQ2LWEzMTItMjI3ZmUzN2FjOWIyIiAvPg0KICAgICAgPC9IZWFkZXJzPg0KICAgIDwvUmVxdWVzdD4NCiAgICA8UmVxdWVzdCBNZXRob2Q9IkdFVCIgR3VpZD0iMDNmNTFiOTYtYzM3MS00MTgzLTg0YzktMjU1YWE5NTQ5NGRlIiBWZXJzaW9uPSIxLjEiIFVybD0iaHR0cHM6Ly90ZXN0aW5nLnNuc3IubmV0L3YyL3BsYWNlcy81M2JiMTlhMGU0YjBjMzFiYjRhOWI1NWYvZ2F0ZXdheXMiIFRoaW5rVGltZT0iMCIgVGltZW91dD0iMzAwIiBQYXJzZURlcGVuZGVudFJlcXVlc3RzPSJUcnVlIiBGb2xsb3dSZWRpcmVjdHM9IlRydWUiIFJlY29yZFJlc3VsdD0iVHJ1ZSIgQ2FjaGU9IkZhbHNlIiBSZXNwb25zZVRpbWVHb2FsPSIwIiBFbmNvZGluZz0idXRmLTgiIEV4cGVjdGVkSHR0cFN0YXR1c0NvZGU9IjAiIEV4cGVjdGVkUmVzcG9uc2VVcmw9IiIgUmVwb3J0aW5nTmFtZT0iIiBJZ25vcmVIdHRwU3RhdHVzQ29kZT0iRmFsc2UiPg0KICAgICAgPEhlYWRlcnM+DQogICAgICAgIDxIZWFkZXIgTmFtZT0iUmVmZXJlciIgVmFsdWU9Imh0dHBzOi8vdGVzdGluZy53YWxseWhvbWUuY29tL215LyMiIC8+DQogICAgICAgIDxIZWFkZXIgTmFtZT0iQXV0aG9yaXphdGlvbiIgVmFsdWU9IkJlYXJlciA5MThmZmI1Ny1kNjBlLTRhNDYtYTMxMi0yMjdmZTM3YWM5YjIiIC8+DQogICAgICA8L0hlYWRlcnM+DQogICAgPC9SZXF1ZXN0Pg0KICAgIDxSZXF1ZXN0IE1ldGhvZD0iR0VUIiBHdWlkPSIyYjYxZmViNC00ZjI3LTRmZDUtODkzYy1mMjVmYmFhYWViMzEiIFZlcnNpb249IjEuMSIgVXJsPSJodHRwczovL3Rlc3Rpbmcuc25zci5uZXQvdjIvcGxhY2VzLzUzNjE3Yzc1ZTRiMGFjYWI5NWYwNzE3Yi9nYXRld2F5cyIgVGhpbmtUaW1lPSIwIiBUaW1lb3V0PSIzMDAiIFBhcnNlRGVwZW5kZW50UmVxdWVzdHM9IlRydWUiIEZvbGxvd1JlZGlyZWN0cz0iVHJ1ZSIgUmVjb3JkUmVzdWx0PSJUcnVlIiBDYWNoZT0iRmFsc2UiIFJlc3BvbnNlVGltZUdvYWw9IjAiIEVuY29kaW5nPSJ1dGYtOCIgRXhwZWN0ZWRIdHRwU3RhdHVzQ29kZT0iMCIgRXhwZWN0ZWRSZXNwb25zZVVybD0iIiBSZXBvcnRpbmdOYW1lPSIiIElnbm9yZUh0dHBTdGF0dXNDb2RlPSJGYWxzZSI+DQogICAgICA8SGVhZGVycz4NCiAgICAgICAgPEhlYWRlciBOYW1lPSJSZWZlcmVyIiBWYWx1ZT0iaHR0cHM6Ly90ZXN0aW5nLndhbGx5aG9tZS5jb20vbXkvIyIgLz4NCiAgICAgICAgPEhlYWRlciBOYW1lPSJBdXRob3JpemF0aW9uIiBWYWx1ZT0iQmVhcmVyIDkxOGZmYjU3LWQ2MGUtNGE0Ni1hMzEyLTIyN2ZlMzdhYzliMiIgLz4NCiAgICAgIDwvSGVhZGVycz4NCiAgICA8L1JlcXVlc3Q+DQogICAgPFJlcXVlc3QgTWV0aG9kPSJHRVQiIEd1aWQ9ImFlOTI4YjE3LWMxMDgtNGUzZi1iZDU0LTJhY2JmOGJiMGJmYiIgVmVyc2lvbj0iMS4xIiBVcmw9Imh0dHBzOi8vdGVzdGluZy5zbnNyLm5ldC92Mi9wbGFjZXMvNTNiYjE5YTBlNGIwYzMxYmI0YTliNTVmL3NlbnNvcnMiIFRoaW5rVGltZT0iMCIgVGltZW91dD0iMzAwIiBQYXJzZURlcGVuZGVudFJlcXVlc3RzPSJUcnVlIiBGb2xsb3dSZWRpcmVjdHM9IlRydWUiIFJlY29yZFJlc3VsdD0iVHJ1ZSIgQ2FjaGU9IkZhbHNlIiBSZXNwb25zZVRpbWVHb2FsPSIwIiBFbmNvZGluZz0idXRmLTgiIEV4cGVjdGVkSHR0cFN0YXR1c0NvZGU9IjAiIEV4cGVjdGVkUmVzcG9uc2VVcmw9IiIgUmVwb3J0aW5nTmFtZT0iIiBJZ25vcmVIdHRwU3RhdHVzQ29kZT0iRmFsc2UiPg0KICAgICAgPEhlYWRlcnM+DQogICAgICAgIDxIZWFkZXIgTmFtZT0iUmVmZXJlciIgVmFsdWU9Imh0dHBzOi8vdGVzdGluZy53YWxseWhvbWUuY29tL215LyMiIC8+DQogICAgICAgIDxIZWFkZXIgTmFtZT0iQXV0aG9yaXphdGlvbiIgVmFsdWU9IkJlYXJlciA5MThmZmI1Ny1kNjBlLTRhNDYtYTMxMi0yMjdmZTM3YWM5YjIiIC8+DQogICAgICA8L0hlYWRlcnM+DQogICAgPC9SZXF1ZXN0Pg0KICAgIDxSZXF1ZXN0IE1ldGhvZD0iR0VUIiBHdWlkPSJjZDYzMWU4Mi1hMWUxLTRiYjctYWFmYy1iMDVmZTRlY2JhZDYiIFZlcnNpb249IjEuMSIgVXJsPSJodHRwczovL3Rlc3Rpbmcuc25zci5uZXQvdjIvcGxhY2VzLzUzNjE3Yzc1ZTRiMGFjYWI5NWYwNzE3Yi9zZW5zb3JzIiBUaGlua1RpbWU9IjAiIFRpbWVvdXQ9IjMwMCIgUGFyc2VEZXBlbmRlbnRSZXF1ZXN0cz0iVHJ1ZSIgRm9sbG93UmVkaXJlY3RzPSJUcnVlIiBSZWNvcmRSZXN1bHQ9IlRydWUiIENhY2hlPSJGYWxzZSIgUmVzcG9uc2VUaW1lR29hbD0iMCIgRW5jb2Rpbmc9InV0Zi04IiBFeHBlY3RlZEh0dHBTdGF0dXNDb2RlPSIwIiBFeHBlY3RlZFJlc3BvbnNlVXJsPSIiIFJlcG9ydGluZ05hbWU9IiIgSWdub3JlSHR0cFN0YXR1c0NvZGU9IkZhbHNlIj4NCiAgICAgIDxIZWFkZXJzPg0KICAgICAgICA8SGVhZGVyIE5hbWU9IlJlZmVyZXIiIFZhbHVlPSJodHRwczovL3Rlc3Rpbmcud2FsbHlob21lLmNvbS9teS8jIiAvPg0KICAgICAgICA8SGVhZGVyIE5hbWU9IkF1dGhvcml6YXRpb24iIFZhbHVlPSJCZWFyZXIgOTE4ZmZiNTctZDYwZS00YTQ2LWEzMTItMjI3ZmUzN2FjOWIyIiAvPg0KICAgICAgPC9IZWFkZXJzPg0KICAgIDwvUmVxdWVzdD4NCiAgICA8UmVxdWVzdCBNZXRob2Q9IkdFVCIgR3VpZD0iMjkwNGY1ZWYtNGVlMi00YTMzLWFmNjEtNDA5NGE1NDBkMTFmIiBWZXJzaW9uPSIxLjEiIFVybD0iaHR0cHM6Ly90ZXN0aW5nLnNuc3IubmV0L3YyL3BsYWNlcy81MzYxN2M3NWU0YjBhY2FiOTVmMDcxN2Ivd2VhdGhlciIgVGhpbmtUaW1lPSIzMCIgVGltZW91dD0iMzAwIiBQYXJzZURlcGVuZGVudFJlcXVlc3RzPSJUcnVlIiBGb2xsb3dSZWRpcmVjdHM9IlRydWUiIFJlY29yZFJlc3VsdD0iVHJ1ZSIgQ2FjaGU9IkZhbHNlIiBSZXNwb25zZVRpbWVHb2FsPSIwIiBFbmNvZGluZz0idXRmLTgiIEV4cGVjdGVkSHR0cFN0YXR1c0NvZGU9IjAiIEV4cGVjdGVkUmVzcG9uc2VVcmw9IiIgUmVwb3J0aW5nTmFtZT0iIiBJZ25vcmVIdHRwU3RhdHVzQ29kZT0iRmFsc2UiPg0KICAgICAgPEhlYWRlcnM+DQogICAgICAgIDxIZWFkZXIgTmFtZT0iUmVmZXJlciIgVmFsdWU9Imh0dHBzOi8vdGVzdGluZy53YWxseWhvbWUuY29tL215LyMiIC8+DQogICAgICAgIDxIZWFkZXIgTmFtZT0iQXV0aG9yaXphdGlvbiIgVmFsdWU9IkJlYXJlciA5MThmZmI1Ny1kNjBlLTRhNDYtYTMxMi0yMjdmZTM3YWM5YjIiIC8+DQogICAgICA8L0hlYWRlcnM+DQogICAgPC9SZXF1ZXN0Pg0KICAgIDxSZXF1ZXN0IE1ldGhvZD0iUFVUIiBHdWlkPSIxZDFkMzU4Mi00OTlmLTQzMjYtOTI1MC1lNWRkYWU1NDkyZTYiIFZlcnNpb249IjEuMSIgVXJsPSJodHRwczovL3Rlc3Rpbmcuc25zci5uZXQvdjIvYWNjb3VudHMiIFRoaW5rVGltZT0iMTIiIFRpbWVvdXQ9IjMwMCIgUGFyc2VEZXBlbmRlbnRSZXF1ZXN0cz0iVHJ1ZSIgRm9sbG93UmVkaXJlY3RzPSJUcnVlIiBSZWNvcmRSZXN1bHQ9IlRydWUiIENhY2hlPSJGYWxzZSIgUmVzcG9uc2VUaW1lR29hbD0iMCIgRW5jb2Rpbmc9InV0Zi04IiBFeHBlY3RlZEh0dHBTdGF0dXNDb2RlPSIwIiBFeHBlY3RlZFJlc3BvbnNlVXJsPSIiIFJlcG9ydGluZ05hbWU9IiIgSWdub3JlSHR0cFN0YXR1c0NvZGU9IkZhbHNlIj4NCiAgICAgIDxIZWFkZXJzPg0KICAgICAgICA8SGVhZGVyIE5hbWU9IkNvbnRlbnQtdHlwZSIgVmFsdWU9ImFwcGxpY2F0aW9uL2pzb24iIC8+DQogICAgICAgIDxIZWFkZXIgTmFtZT0iUmVmZXJlciIgVmFsdWU9Imh0dHBzOi8vdGVzdGluZy53YWxseWhvbWUuY29tL215LyMiIC8+DQogICAgICAgIDxIZWFkZXIgTmFtZT0iQXV0aG9yaXphdGlvbiIgVmFsdWU9IkJlYXJlciA5MThmZmI1Ny1kNjBlLTRhNDYtYTMxMi0yMjdmZTM3YWM5YjIiIC8+DQogICAgICA8L0hlYWRlcnM+DQogICAgICA8U3RyaW5nSHR0cEJvZHkgQ29udGVudFR5cGU9ImFwcGxpY2F0aW9uL2pzb24iIEluc2VydEJ5dGVPcmRlck1hcms9IkZhbHNlIj5ld0FpQUdZQWRRQnNBR3dBUVFCa0FHUUFjZ0JsQUhNQWN3QWlBRG9BZXdBaUFHd0FhUUJ1QUdVQU1RQWlBRG9BSWdBNEFEVUFNd0FpQUN3QUlnQnNBR2tBYmdCbEFESUFJZ0E2QUNJQUlnQXNBQ0lBWXdCcEFIUUFlUUFpQURvQUlnQk5BR2tBYkFCMEFHOEFiZ0FpQUN3QUlnQnpBSFFBWVFCMEFHVUFJZ0E2QUNJQVZ3QkJBQ0lBTEFBaUFIb0FhUUJ3QUNJQU9nQWlBRGtBT0FBekFEVUFOQUFpQUgwQWZRQT08L1N0cmluZ0h0dHBCb2R5Pg0KICAgIDwvUmVxdWVzdD4NCiAgICA8UmVxdWVzdCBNZXRob2Q9IlBVVCIgR3VpZD0iZWI2ZGFjODMtY2U5ZS00N2IyLWI4NGQtY2JhMDQ1ODRhOWExIiBWZXJzaW9uPSIxLjEiIFVybD0iaHR0cHM6Ly90ZXN0aW5nLnNuc3IubmV0L3YyL2FjY291bnRzIiBUaGlua1RpbWU9IjMiIFRpbWVvdXQ9IjMwMCIgUGFyc2VEZXBlbmRlbnRSZXF1ZXN0cz0iVHJ1ZSIgRm9sbG93UmVkaXJlY3RzPSJUcnVlIiBSZWNvcmRSZXN1bHQ9IlRydWUiIENhY2hlPSJGYWxzZSIgUmVzcG9uc2VUaW1lR29hbD0iMCIgRW5jb2Rpbmc9InV0Zi04IiBFeHBlY3RlZEh0dHBTdGF0dXNDb2RlPSIwIiBFeHBlY3RlZFJlc3BvbnNlVXJsPSIiIFJlcG9ydGluZ05hbWU9IiIgSWdub3JlSHR0cFN0YXR1c0NvZGU9IkZhbHNlIj4NCiAgICAgIDxIZWFkZXJzPg0KICAgICAgICA8SGVhZGVyIE5hbWU9IkNvbnRlbnQtdHlwZSIgVmFsdWU9ImFwcGxpY2F0aW9uL2pzb24iIC8+DQogICAgICAgIDxIZWFkZXIgTmFtZT0iUmVmZXJlciIgVmFsdWU9Imh0dHBzOi8vdGVzdGluZy53YWxseWhvbWUuY29tL215LyMiIC8+DQogICAgICAgIDxIZWFkZXIgTmFtZT0iQXV0aG9yaXphdGlvbiIgVmFsdWU9IkJlYXJlciA5MThmZmI1Ny1kNjBlLTRhNDYtYTMxMi0yMjdmZTM3YWM5YjIiIC8+DQogICAgICA8L0hlYWRlcnM+DQogICAgICA8U3RyaW5nSHR0cEJvZHkgQ29udGVudFR5cGU9ImFwcGxpY2F0aW9uL2pzb24iIEluc2VydEJ5dGVPcmRlck1hcms9IkZhbHNlIj5ld0FpQUdZQWRRQnNBR3dBUVFCa0FHUUFjZ0JsQUhNQWN3QWlBRG9BZXdBaUFHd0FhUUJ1QUdVQU1RQWlBRG9BSWdBNEFEVUFNd0FnQUZBQVlRQnlBR3NBSUFCWEFHRUFlUUFpQUN3QUlnQnNBR2tBYmdCbEFESUFJZ0E2QUNJQUlnQXNBQ0lBWXdCcEFIUUFlUUFpQURvQUlnQk5BR2tBYkFCMEFHOEFiZ0FpQUN3QUlnQnpBSFFBWVFCMEFHVUFJZ0E2QUNJQVZ3QkJBQ0lBTEFBaUFIb0FhUUJ3QUNJQU9nQWlBRGtBT0FBekFEVUFOQUFpQUgwQWZRQT08L1N0cmluZ0h0dHBCb2R5Pg0KICAgIDwvUmVxdWVzdD4NCiAgICA8UmVxdWVzdCBNZXRob2Q9IkdFVCIgR3VpZD0iZTNiNDhiNTMtYWIzOS00N2NmLThhMDctZmU5ZWQyOWQ2M2VhIiBWZXJzaW9uPSIxLjEiIFVybD0iaHR0cHM6Ly90ZXN0aW5nLnNuc3IubmV0L3YyL2FjY291bnRzIiBUaGlua1RpbWU9IjAiIFRpbWVvdXQ9IjMwMCIgUGFyc2VEZXBlbmRlbnRSZXF1ZXN0cz0iVHJ1ZSIgRm9sbG93UmVkaXJlY3RzPSJUcnVlIiBSZWNvcmRSZXN1bHQ9IlRydWUiIENhY2hlPSJGYWxzZSIgUmVzcG9uc2VUaW1lR29hbD0iMCIgRW5jb2Rpbmc9InV0Zi04IiBFeHBlY3RlZEh0dHBTdGF0dXNDb2RlPSIwIiBFeHBlY3RlZFJlc3BvbnNlVXJsPSIiIFJlcG9ydGluZ05hbWU9IiIgSWdub3JlSHR0cFN0YXR1c0NvZGU9IkZhbHNlIj4NCiAgICAgIDxIZWFkZXJzPg0KICAgICAgICA8SGVhZGVyIE5hbWU9IlJlZmVyZXIiIFZhbHVlPSJodHRwczovL3Rlc3Rpbmcud2FsbHlob21lLmNvbS9teS8jIiAvPg0KICAgICAgICA8SGVhZGVyIE5hbWU9IkF1dGhvcml6YXRpb24iIFZhbHVlPSJCZWFyZXIgOTE4ZmZiNTctZDYwZS00YTQ2LWEzMTItMjI3ZmUzN2FjOWIyIiAvPg0KICAgICAgPC9IZWFkZXJzPg0KICAgIDwvUmVxdWVzdD4NCiAgICA8UmVxdWVzdCBNZXRob2Q9IkdFVCIgR3VpZD0iYzM1MDFjZmQtMzJiMi00NTJjLWIzNDYtZDQwNTg4NmNkNDc2IiBWZXJzaW9uPSIxLjEiIFVybD0iaHR0cHM6Ly90ZXN0aW5nLnNuc3IubmV0L3YyL3BsYWNlcyIgVGhpbmtUaW1lPSIwIiBUaW1lb3V0PSIzMDAiIFBhcnNlRGVwZW5kZW50UmVxdWVzdHM9IlRydWUiIEZvbGxvd1JlZGlyZWN0cz0iVHJ1ZSIgUmVjb3JkUmVzdWx0PSJUcnVlIiBDYWNoZT0iRmFsc2UiIFJlc3BvbnNlVGltZUdvYWw9IjAiIEVuY29kaW5nPSJ1dGYtOCIgRXhwZWN0ZWRIdHRwU3RhdHVzQ29kZT0iMCIgRXhwZWN0ZWRSZXNwb25zZVVybD0iIiBSZXBvcnRpbmdOYW1lPSIiIElnbm9yZUh0dHBTdGF0dXNDb2RlPSJGYWxzZSI+DQogICAgICA8SGVhZGVycz4NCiAgICAgICAgPEhlYWRlciBOYW1lPSJSZWZlcmVyIiBWYWx1ZT0iaHR0cHM6Ly90ZXN0aW5nLndhbGx5aG9tZS5jb20vbXkvIyIgLz4NCiAgICAgICAgPEhlYWRlciBOYW1lPSJBdXRob3JpemF0aW9uIiBWYWx1ZT0iQmVhcmVyIDkxOGZmYjU3LWQ2MGUtNGE0Ni1hMzEyLTIyN2ZlMzdhYzliMiIgLz4NCiAgICAgIDwvSGVhZGVycz4NCiAgICA8L1JlcXVlc3Q+DQogICAgPFJlcXVlc3QgTWV0aG9kPSJHRVQiIEd1aWQ9ImM0YzgyNDkwLTk0M2UtNGFlZS1hMDQ4LTQxZmFhMmIwYTZiYyIgVmVyc2lvbj0iMS4xIiBVcmw9Imh0dHBzOi8vdGVzdGluZy5zbnNyLm5ldC92Mi9wbGFjZXMvNTM2MTdjNzVlNGIwYWNhYjk1ZjA3MTdiL2NvbnRhY3RzIiBUaGlua1RpbWU9IjAiIFRpbWVvdXQ9IjMwMCIgUGFyc2VEZXBlbmRlbnRSZXF1ZXN0cz0iVHJ1ZSIgRm9sbG93UmVkaXJlY3RzPSJUcnVlIiBSZWNvcmRSZXN1bHQ9IlRydWUiIENhY2hlPSJGYWxzZSIgUmVzcG9uc2VUaW1lR29hbD0iMCIgRW5jb2Rpbmc9InV0Zi04IiBFeHBlY3RlZEh0dHBTdGF0dXNDb2RlPSIwIiBFeHBlY3RlZFJlc3BvbnNlVXJsPSIiIFJlcG9ydGluZ05hbWU9IiIgSWdub3JlSHR0cFN0YXR1c0NvZGU9IkZhbHNlIj4NCiAgICAgIDxIZWFkZXJzPg0KICAgICAgICA8SGVhZGVyIE5hbWU9IlJlZmVyZXIiIFZhbHVlPSJodHRwczovL3Rlc3Rpbmcud2FsbHlob21lLmNvbS9teS8jIiAvPg0KICAgICAgICA8SGVhZGVyIE5hbWU9IkF1dGhvcml6YXRpb24iIFZhbHVlPSJCZWFyZXIgOTE4ZmZiNTctZDYwZS00YTQ2LWEzMTItMjI3ZmUzN2FjOWIyIiAvPg0KICAgICAgPC9IZWFkZXJzPg0KICAgIDwvUmVxdWVzdD4NCiAgICA8UmVxdWVzdCBNZXRob2Q9IkdFVCIgR3VpZD0iNjFkYWY3OTUtNjM1OS00Mjc1LWFjMGUtYzcyZDhiOWE5YzMyIiBWZXJzaW9uPSIxLjEiIFVybD0iaHR0cHM6Ly90ZXN0aW5nLnNuc3IubmV0L3YyL3BsYWNlcy81M2JiMTlhMGU0YjBjMzFiYjRhOWI1NWYvY29udGFjdHMiIFRoaW5rVGltZT0iMCIgVGltZW91dD0iMzAwIiBQYXJzZURlcGVuZGVudFJlcXVlc3RzPSJUcnVlIiBGb2xsb3dSZWRpcmVjdHM9IlRydWUiIFJlY29yZFJlc3VsdD0iVHJ1ZSIgQ2FjaGU9IkZhbHNlIiBSZXNwb25zZVRpbWVHb2FsPSIwIiBFbmNvZGluZz0idXRmLTgiIEV4cGVjdGVkSHR0cFN0YXR1c0NvZGU9IjAiIEV4cGVjdGVkUmVzcG9uc2VVcmw9IiIgUmVwb3J0aW5nTmFtZT0iIiBJZ25vcmVIdHRwU3RhdHVzQ29kZT0iRmFsc2UiPg0KICAgICAgPEhlYWRlcnM+DQogICAgICAgIDxIZWFkZXIgTmFtZT0iUmVmZXJlciIgVmFsdWU9Imh0dHBzOi8vdGVzdGluZy53YWxseWhvbWUuY29tL215LyMiIC8+DQogICAgICAgIDxIZWFkZXIgTmFtZT0iQXV0aG9yaXphdGlvbiIgVmFsdWU9IkJlYXJlciA5MThmZmI1Ny1kNjBlLTRhNDYtYTMxMi0yMjdmZTM3YWM5YjIiIC8+DQogICAgICA8L0hlYWRlcnM+DQogICAgPC9SZXF1ZXN0Pg0KICAgIDxSZXF1ZXN0IE1ldGhvZD0iR0VUIiBHdWlkPSJlM2JhNDIxNC1lMThmLTQ0NjgtYWQ3OS1kYTI0NjA5MDAxNmIiIFZlcnNpb249IjEuMSIgVXJsPSJodHRwczovL3Rlc3Rpbmcuc25zci5uZXQvdjIvcGxhY2VzLzUzNjE3Yzc1ZTRiMGFjYWI5NWYwNzE3Yi9nYXRld2F5cyIgVGhpbmtUaW1lPSIwIiBUaW1lb3V0PSIzMDAiIFBhcnNlRGVwZW5kZW50UmVxdWVzdHM9IlRydWUiIEZvbGxvd1JlZGlyZWN0cz0iVHJ1ZSIgUmVjb3JkUmVzdWx0PSJUcnVlIiBDYWNoZT0iRmFsc2UiIFJlc3BvbnNlVGltZUdvYWw9IjAiIEVuY29kaW5nPSJ1dGYtOCIgRXhwZWN0ZWRIdHRwU3RhdHVzQ29kZT0iMCIgRXhwZWN0ZWRSZXNwb25zZVVybD0iIiBSZXBvcnRpbmdOYW1lPSIiIElnbm9yZUh0dHBTdGF0dXNDb2RlPSJGYWxzZSI+DQogICAgICA8SGVhZGVycz4NCiAgICAgICAgPEhlYWRlciBOYW1lPSJSZWZlcmVyIiBWYWx1ZT0iaHR0cHM6Ly90ZXN0aW5nLndhbGx5aG9tZS5jb20vbXkvIyIgLz4NCiAgICAgICAgPEhlYWRlciBOYW1lPSJBdXRob3JpemF0aW9uIiBWYWx1ZT0iQmVhcmVyIDkxOGZmYjU3LWQ2MGUtNGE0Ni1hMzEyLTIyN2ZlMzdhYzliMiIgLz4NCiAgICAgIDwvSGVhZGVycz4NCiAgICA8L1JlcXVlc3Q+DQogICAgPFJlcXVlc3QgTWV0aG9kPSJHRVQiIEd1aWQ9IjQwZTU1MTYxLWQ4NjEtNDBmMi1hOTk4LTcxNzJjYzI2YThjYSIgVmVyc2lvbj0iMS4xIiBVcmw9Imh0dHBzOi8vdGVzdGluZy5zbnNyLm5ldC92Mi9wbGFjZXMvNTNiYjE5YTBlNGIwYzMxYmI0YTliNTVmL2dhdGV3YXlzIiBUaGlua1RpbWU9IjAiIFRpbWVvdXQ9IjMwMCIgUGFyc2VEZXBlbmRlbnRSZXF1ZXN0cz0iVHJ1ZSIgRm9sbG93UmVkaXJlY3RzPSJUcnVlIiBSZWNvcmRSZXN1bHQ9IlRydWUiIENhY2hlPSJGYWxzZSIgUmVzcG9uc2VUaW1lR29hbD0iMCIgRW5jb2Rpbmc9InV0Zi04IiBFeHBlY3RlZEh0dHBTdGF0dXNDb2RlPSIwIiBFeHBlY3RlZFJlc3BvbnNlVXJsPSIiIFJlcG9ydGluZ05hbWU9IiIgSWdub3JlSHR0cFN0YXR1c0NvZGU9IkZhbHNlIj4NCiAgICAgIDxIZWFkZXJzPg0KICAgICAgICA8SGVhZGVyIE5hbWU9IlJlZmVyZXIiIFZhbHVlPSJodHRwczovL3Rlc3Rpbmcud2FsbHlob21lLmNvbS9teS8jIiAvPg0KICAgICAgICA8SGVhZGVyIE5hbWU9IkF1dGhvcml6YXRpb24iIFZhbHVlPSJCZWFyZXIgOTE4ZmZiNTctZDYwZS00YTQ2LWEzMTItMjI3ZmUzN2FjOWIyIiAvPg0KICAgICAgPC9IZWFkZXJzPg0KICAgIDwvUmVxdWVzdD4NCiAgICA8UmVxdWVzdCBNZXRob2Q9IkdFVCIgR3VpZD0iYzkzYzdjODQtZTU1Yy00YTAxLWJkZjQtYWUzN2NhODBhNjk1IiBWZXJzaW9uPSIxLjEiIFVybD0iaHR0cHM6Ly90ZXN0aW5nLnNuc3IubmV0L3YyL3BsYWNlcy81MzYxN2M3NWU0YjBhY2FiOTVmMDcxN2Ivc2Vuc29ycyIgVGhpbmtUaW1lPSIwIiBUaW1lb3V0PSIzMDAiIFBhcnNlRGVwZW5kZW50UmVxdWVzdHM9IlRydWUiIEZvbGxvd1JlZGlyZWN0cz0iVHJ1ZSIgUmVjb3JkUmVzdWx0PSJUcnVlIiBDYWNoZT0iRmFsc2UiIFJlc3BvbnNlVGltZUdvYWw9IjAiIEVuY29kaW5nPSJ1dGYtOCIgRXhwZWN0ZWRIdHRwU3RhdHVzQ29kZT0iMCIgRXhwZWN0ZWRSZXNwb25zZVVybD0iIiBSZXBvcnRpbmdOYW1lPSIiIElnbm9yZUh0dHBTdGF0dXNDb2RlPSJGYWxzZSI+DQogICAgICA8SGVhZGVycz4NCiAgICAgICAgPEhlYWRlciBOYW1lPSJSZWZlcmVyIiBWYWx1ZT0iaHR0cHM6Ly90ZXN0aW5nLndhbGx5aG9tZS5jb20vbXkvIyIgLz4NCiAgICAgICAgPEhlYWRlciBOYW1lPSJBdXRob3JpemF0aW9uIiBWYWx1ZT0iQmVhcmVyIDkxOGZmYjU3LWQ2MGUtNGE0Ni1hMzEyLTIyN2ZlMzdhYzliMiIgLz4NCiAgICAgIDwvSGVhZGVycz4NCiAgICA8L1JlcXVlc3Q+DQogICAgPFJlcXVlc3QgTWV0aG9kPSJHRVQiIEd1aWQ9IjQzZjIzM2JiLTVjMTItNGJkZS1hMjFkLWUzZGRjZjUwZmVlYSIgVmVyc2lvbj0iMS4xIiBVcmw9Imh0dHBzOi8vdGVzdGluZy5zbnNyLm5ldC92Mi9wbGFjZXMvNTNiYjE5YTBlNGIwYzMxYmI0YTliNTVmL3NlbnNvcnMiIFRoaW5rVGltZT0iMCIgVGltZW91dD0iMzAwIiBQYXJzZURlcGVuZGVudFJlcXVlc3RzPSJUcnVlIiBGb2xsb3dSZWRpcmVjdHM9IlRydWUiIFJlY29yZFJlc3VsdD0iVHJ1ZSIgQ2FjaGU9IkZhbHNlIiBSZXNwb25zZVRpbWVHb2FsPSIwIiBFbmNvZGluZz0idXRmLTgiIEV4cGVjdGVkSHR0cFN0YXR1c0NvZGU9IjAiIEV4cGVjdGVkUmVzcG9uc2VVcmw9IiIgUmVwb3J0aW5nTmFtZT0iIiBJZ25vcmVIdHRwU3RhdHVzQ29kZT0iRmFsc2UiPg0KICAgICAgPEhlYWRlcnM+DQogICAgICAgIDxIZWFkZXIgTmFtZT0iUmVmZXJlciIgVmFsdWU9Imh0dHBzOi8vdGVzdGluZy53YWxseWhvbWUuY29tL215LyMiIC8+DQogICAgICAgIDxIZWFkZXIgTmFtZT0iQXV0aG9yaXphdGlvbiIgVmFsdWU9IkJlYXJlciA5MThmZmI1Ny1kNjBlLTRhNDYtYTMxMi0yMjdmZTM3YWM5YjIiIC8+DQogICAgICA8L0hlYWRlcnM+DQogICAgPC9SZXF1ZXN0Pg0KICAgIDxSZXF1ZXN0IE1ldGhvZD0iR0VUIiBHdWlkPSI3ZWEyODFmMi0zNjVkLTRjMzQtYTEzOC0xMmQ1OTQ4NTEwMTEiIFZlcnNpb249IjEuMSIgVXJsPSJodHRwczovL3Rlc3Rpbmcuc25zci5uZXQvdjIvcGxhY2VzLzUzNjE3Yzc1ZTRiMGFjYWI5NWYwNzE3Yi93ZWF0aGVyIiBUaGlua1RpbWU9IjAiIFRpbWVvdXQ9IjMwMCIgUGFyc2VEZXBlbmRlbnRSZXF1ZXN0cz0iVHJ1ZSIgRm9sbG93UmVkaXJlY3RzPSJUcnVlIiBSZWNvcmRSZXN1bHQ9IlRydWUiIENhY2hlPSJGYWxzZSIgUmVzcG9uc2VUaW1lR29hbD0iMCIgRW5jb2Rpbmc9InV0Zi04IiBFeHBlY3RlZEh0dHBTdGF0dXNDb2RlPSIwIiBFeHBlY3RlZFJlc3BvbnNlVXJsPSIiIFJlcG9ydGluZ05hbWU9IiIgSWdub3JlSHR0cFN0YXR1c0NvZGU9IkZhbHNlIj4NCiAgICAgIDxIZWFkZXJzPg0KICAgICAgICA8SGVhZGVyIE5hbWU9IlJlZmVyZXIiIFZhbHVlPSJodHRwczovL3Rlc3Rpbmcud2FsbHlob21lLmNvbS9teS8jIiAvPg0KICAgICAgICA8SGVhZGVyIE5hbWU9IkF1dGhvcml6YXRpb24iIFZhbHVlPSJCZWFyZXIgOTE4ZmZiNTctZDYwZS00YTQ2LWEzMTItMjI3ZmUzN2FjOWIyIiAvPg0KICAgICAgPC9IZWFkZXJzPg0KICAgIDwvUmVxdWVzdD4NCiAgPC9JdGVtcz4NCiAgPFZhbGlkYXRpb25SdWxlcz4NCiAgICA8VmFsaWRhdGlvblJ1bGUgQ2xhc3NuYW1lPSJNaWNyb3NvZnQuVmlzdWFsU3R1ZGlvLlRlc3RUb29scy5XZWJUZXN0aW5nLlJ1bGVzLlZhbGlkYXRlUmVzcG9uc2VVcmwsIE1pY3Jvc29mdC5WaXN1YWxTdHVkaW8uUXVhbGl0eVRvb2xzLldlYlRlc3RGcmFtZXdvcmssIFZlcnNpb249MTAuMC4wLjAsIEN1bHR1cmU9bmV1dHJhbCwgUHVibGljS2V5VG9rZW49YjAzZjVmN2YxMWQ1MGEzYSIgRGlzcGxheU5hbWU9IlJlc3BvbnNlIFVSTCIgRGVzY3JpcHRpb249IlZhbGlkYXRlcyB0aGF0IHRoZSByZXNwb25zZSBVUkwgYWZ0ZXIgcmVkaXJlY3RzIGFyZSBmb2xsb3dlZCBpcyB0aGUgc2FtZSBhcyB0aGUgcmVjb3JkZWQgcmVzcG9uc2UgVVJMLiAgUXVlcnlTdHJpbmcgcGFyYW1ldGVycyBhcmUgaWdub3JlZC4iIExldmVsPSJMb3ciIEV4ZWN0dWlvbk9yZGVyPSJCZWZvcmVEZXBlbmRlbnRzIiAvPg0KICAgIDxWYWxpZGF0aW9uUnVsZSBDbGFzc25hbWU9Ik1pY3Jvc29mdC5WaXN1YWxTdHVkaW8uVGVzdFRvb2xzLldlYlRlc3RpbmcuUnVsZXMuVmFsaWRhdGlvblJ1bGVSZXNwb25zZVRpbWVHb2FsLCBNaWNyb3NvZnQuVmlzdWFsU3R1ZGlvLlF1YWxpdHlUb29scy5XZWJUZXN0RnJhbWV3b3JrLCBWZXJzaW9uPTEwLjAuMC4wLCBDdWx0dXJlPW5ldXRyYWwsIFB1YmxpY0tleVRva2VuPWIwM2Y1ZjdmMTFkNTBhM2EiIERpc3BsYXlOYW1lPSJSZXNwb25zZSBUaW1lIEdvYWwiIERlc2NyaXB0aW9uPSJWYWxpZGF0ZXMgdGhhdCB0aGUgcmVzcG9uc2UgdGltZSBmb3IgdGhlIHJlcXVlc3QgaXMgbGVzcyB0aGFuIG9yIGVxdWFsIHRvIHRoZSByZXNwb25zZSB0aW1lIGdvYWwgYXMgc3BlY2lmaWVkIG9uIHRoZSByZXF1ZXN0LiAgUmVzcG9uc2UgdGltZSBnb2FscyBvZiB6ZXJvIHdpbGwgYmUgaWdub3JlZC4iIExldmVsPSJMb3ciIEV4ZWN0dWlvbk9yZGVyPSJBZnRlckRlcGVuZGVudHMiPg0KICAgICAgPFJ1bGVQYXJhbWV0ZXJzPg0KICAgICAgICA8UnVsZVBhcmFtZXRlciBOYW1lPSJUb2xlcmFuY2UiIFZhbHVlPSIwIiAvPg0KICAgICAgPC9SdWxlUGFyYW1ldGVycz4NCiAgICA8L1ZhbGlkYXRpb25SdWxlPg0KICA8L1ZhbGlkYXRpb25SdWxlcz4NCjwvV2ViVGVzdD4=">
      <Execution id="0187d332-131c-4a57-9c29-da5ad85015c0" />
    </WebTest>
  </TestDefinitions>
  <TestLists>
    <TestList name="Results Not in a List" id="8c84fa94-04c1-424b-9868-57a2d4851a1d" />
    <TestList name="All Loaded Results" id="19431567-8539-422a-85d7-44ee4e166bda" />
  </TestLists>
  <TestEntries>
    <TestEntry isTransparent="false" testId="0384b7ca-b936-409b-9d79-0ecae6e123dc" executionId="0187d332-131c-4a57-9c29-da5ad85015c0" testListId="8c84fa94-04c1-424b-9868-57a2d4851a1d" />
  </TestEntries>
  <Results>
    <WebTestResult executionId="0187d332-131c-4a57-9c29-da5ad85015c0" testId="0384b7ca-b936-409b-9d79-0ecae6e123dc" testName="EditProfile" computerName="ANDREW-SNUPI" duration="00:00:05.4658277" startTime="2014-07-14T14:39:51.9944512-07:00" endTime="2014-07-14T14:40:08.0303950-07:00" testType="4e7599fa-5ecb-43e9-a887-cd63cf72d207" outcome="Failed" testListId="8c84fa94-04c1-424b-9868-57a2d4851a1d" relativeResultsDirectory="0187d332-131c-4a57-9c29-da5ad85015c0">
      <Output>
        <ErrorInfo>
          <Message>29 primary requests, 0 dependant requests and 0 conditional rules failed</Message>
        </ErrorInfo>
      </Output>
      <ResultFiles>
        <ResultFile path="EditProfile.webtestResult" />
      </ResultFiles>
      <TestSettings name="Local" id="44b1e147-3379-4fed-b2d5-a247480be46e">
        <Description>These are default test settings for a local test run.</Description>
        <Execution>
          <TestTypeSpecific>
            <WebTestRunConfiguration testTypeId="4e7599fa-5ecb-43e9-a887-cd63cf72d207">
              <Browser name="Internet Explorer 9.0" MaxConnections="6">
                <Headers>
                  <Header name="User-Agent" value="Mozilla/5.0 (compatible; MSIE 9.0; Windows NT 6.1; Trident/5.0)" />
                  <Header name="Accept" value="*/*" />
                  <Header name="Accept-Language" value="{{$IEAcceptLanguage}}" />
                  <Header name="Accept-Encoding" value="GZIP" />
                </Headers>
              </Browser>
            </WebTestRunConfiguration>
          </TestTypeSpecific>
          <AgentRule name="Execution Agents">
          </AgentRule>
        </Execution>
        <Deployment runDeploymentRoot="Andy_ANDREW-SNUPI 2014-07-14 14_39_51" />
        <Properties />
      </TestSettings>
      <WebTestResultFilePath>Andy_ANDREW-SNUPI 2014-07-14 14_39_51\In\0187d332-131c-4a57-9c29-da5ad85015c0\EditProfile.webtestResult</WebTestResultFilePath>
    </WebTestResult>
  </Results>
</TestRun>